00:29  INFO: Extracting files from Accessories/
00:29 TRACE: Acc_HandsOff_1.xnb
00:29  INFO: Extracting files from Accessories/
00:29 TRACE: Acc_HandsOff_10.xnb
00:29  INFO: Extracting files from Accessories/
00:29 TRACE: Acc_HandsOff_11.xnb
00:29  INFO: Extracting files from Accessories/
00:29 TRACE: Acc_HandsOff_12.xnb
00:29  INFO: Extracting files from Accessories/
00:29 TRACE: Acc_HandsOff_13.xnb
00:29  INFO: Extracting files from Accessories/
00:29 TRACE: Acc_HandsOff_14.xnb
00:29  INFO: Extracting files from Accessories/
00:29 TRACE: Acc_HandsOff_15.xnb
00:29  INFO: Extracting files from Accessories/
00:29 TRACE: Acc_HandsOff_2.xnb
00:29  INFO: Extracting files from Accessories/
00:29 TRACE: Acc_HandsOff_3.xnb
00:29  INFO: Extracting files from Accessories/
00:29 TRACE: Acc_HandsOff_4.xnb
00:29  INFO: Extracting files from Accessories/
00:29 TRACE: Acc_HandsOff_5.xnb
00:29  INFO: Extracting files from Accessories/
00:29 TRACE: Acc_HandsOff_6.xnb
00:29  INFO: Extracting files from Accessories/
00:29 TRACE: Acc_HandsOff_7.xnb
00:29  INFO: Extracting files from Accessories/
00:29 TRACE: Acc_HandsOff_8.xnb
00:29  INFO: Extracting files from Accessories/
00:29 TRACE: Acc_HandsOff_9.xnb
00:29  INFO: Extracting files from Accessories/
00:29 TRACE: Acc_HandsOn_1.xnb
00:29  INFO: Extracting files from Accessories/
00:29 TRACE: Acc_HandsOn_10.xnb
00:29  INFO: Extracting files from Accessories/
00:29 TRACE: Acc_HandsOn_11.xnb
00:29  INFO: Extracting files from Accessories/
00:29 TRACE: Acc_HandsOn_12.xnb
00:29  INFO: Extracting files from Accessories/
00:29 TRACE: Acc_HandsOn_13.xnb
00:29  INFO: Extracting files from Accessories/
00:29 TRACE: Acc_HandsOn_14.xnb
00:29  INFO: Extracting files from Accessories/
00:29 TRACE: Acc_HandsOn_15.xnb
00:29  INFO: Extracting files from Accessories/
00:29 TRACE: Acc_HandsOn_16.xnb
00:29  INFO: Extracting files from Accessories/
00:29 TRACE: Acc_HandsOn_17.xnb
00:29  INFO: Extracting files from Accessories/
00:29 TRACE: Acc_HandsOn_18.xnb
00:29  INFO: Extracting files from Accessories/
00:29 TRACE: Acc_HandsOn_19.xnb
00:29  INFO: Extracting files from Accessories/
00:29 TRACE: Acc_HandsOn_2.xnb
00:29  INFO: Extracting files from Accessories/
00:29 TRACE: Acc_HandsOn_20.xnb
00:29  INFO: Extracting files from Accessories/
00:29 TRACE: Acc_HandsOn_21.xnb
00:29  INFO: Extracting files from Accessories/
00:29 TRACE: Acc_HandsOn_22.xnb
00:29  INFO: Extracting files from Accessories/
00:29 TRACE: Acc_HandsOn_23.xnb
00:29  INFO: Extracting files from Accessories/
00:29 TRACE: Acc_HandsOn_24.xnb
00:29  INFO: Extracting files from Accessories/
00:29 TRACE: Acc_HandsOn_3.xnb
00:29  INFO: Extracting files from Accessories/
00:29 TRACE: Acc_HandsOn_4.xnb
00:29  INFO: Extracting files from Accessories/
00:29 TRACE: Acc_HandsOn_5.xnb
00:29  INFO: Extracting files from Accessories/
00:29 TRACE: Acc_HandsOn_6.xnb
00:29  INFO: Extracting files from Accessories/
00:29 TRACE: Acc_HandsOn_7.xnb
00:29  INFO: Extracting files from Accessories/
00:29 TRACE: Acc_HandsOn_8.xnb
00:29  INFO: Extracting files from Accessories/
00:29 TRACE: Acc_HandsOn_9.xnb
00:30  INFO: Extracting files from Armor/
00:30 TRACE: Armor_1.xnb
00:30  INFO: Extracting files from Armor/
00:30 TRACE: Armor_10.xnb
00:30  INFO: Extracting files from Armor/
00:30 TRACE: Armor_100.xnb
00:30  INFO: Extracting files from Armor/
00:30 TRACE: Armor_101.xnb
00:30  INFO: Extracting files from Armor/
00:30 TRACE: Armor_102.xnb
00:30  INFO: Extracting files from Armor/
00:30 TRACE: Armor_103.xnb
00:30  INFO: Extracting files from Armor/
00:30 TRACE: Armor_104.xnb
00:30  INFO: Extracting files from Armor/
00:30 TRACE: Armor_105.xnb
00:30  INFO: Extracting files from Armor/
00:30 TRACE: Armor_106.xnb
00:30  INFO: Extracting files from Armor/
00:30 TRACE: Armor_11.xnb
00:30  INFO: Extracting files from Armor/
00:30 TRACE: Armor_12.xnb
00:30  INFO: Extracting files from Armor/
00:30 TRACE: Armor_13.xnb
00:30  INFO: Extracting files from Armor/
00:30 TRACE: Armor_14.xnb
00:30  INFO: Extracting files from Armor/
00:30 TRACE: Armor_15.xnb
00:30  INFO: Extracting files from Armor/
00:30 TRACE: Armor_16.xnb
00:30  INFO: Extracting files from Armor/
00:30 TRACE: Armor_165.xnb
00:30  INFO: Extracting files from Armor/
00:30 TRACE: Armor_166.xnb
00:30  INFO: Extracting files from Armor/
00:30 TRACE: Armor_167.xnb
00:30  INFO: Extracting files from Armor/
00:30 TRACE: Armor_168.xnb
00:30  INFO: Extracting files from Armor/
00:30 TRACE: Armor_169.xnb
00:30  INFO: Extracting files from Armor/
00:30 TRACE: Armor_17.xnb
00:30  INFO: Extracting files from Armor/
00:30 TRACE: Armor_170.xnb
00:30  INFO: Extracting files from Armor/
00:30 TRACE: Armor_171.xnb
00:30  INFO: Extracting files from Armor/
00:30 TRACE: Armor_172.xnb
00:30  INFO: Extracting files from Armor/
00:30 TRACE: Armor_173.xnb
00:30  INFO: Extracting files from Armor/
00:30 TRACE: Armor_174.xnb
00:30  INFO: Extracting files from Armor/
00:30 TRACE: Armor_175.xnb
00:30  INFO: Extracting files from Armor/
00:30 TRACE: Armor_176.xnb
00:30  INFO: Extracting files from Armor/
00:30 TRACE: Armor_177.xnb
00:30  INFO: Extracting files from Armor/
00:30 TRACE: Armor_178.xnb
00:30  INFO: Extracting files from Armor/
00:30 TRACE: Armor_179.xnb
00:30  INFO: Extracting files from Armor/
00:30 TRACE: Armor_18.xnb
00:30  INFO: Extracting files from Armor/
00:30 TRACE: Armor_180.xnb
00:30  INFO: Extracting files from Armor/
00:30 TRACE: Armor_181.xnb
00:30  INFO: Extracting files from Armor/
00:30 TRACE: Armor_182.xnb
00:30  INFO: Extracting files from Armor/
00:30 TRACE: Armor_183.xnb
00:30  INFO: Extracting files from Armor/
00:30 TRACE: Armor_184.xnb
00:30  INFO: Extracting files from Armor/
00:30 TRACE: Armor_185.xnb
00:30  INFO: Extracting files from Armor/
00:30 TRACE: Armor_186.xnb
00:30  INFO: Extracting files from Armor/
00:30 TRACE: Armor_187.xnb
00:30  INFO: Extracting files from Armor/
00:30 TRACE: Armor_188.xnb
00:30  INFO: Extracting files from Armor/
00:30 TRACE: Armor_189.xnb
00:30  INFO: Extracting files from Armor/
00:30 TRACE: Armor_19.xnb
00:30  INFO: Extracting files from Armor/
00:30 TRACE: Armor_190.xnb
00:30  INFO: Extracting files from Armor/
00:30 TRACE: Armor_191.xnb
00:30  INFO: Extracting files from Armor/
00:30 TRACE: Armor_192.xnb
00:30  INFO: Extracting files from Armor/
00:30 TRACE: Armor_193.xnb
00:30  INFO: Extracting files from Armor/
00:30 TRACE: Armor_194.xnb
00:30  INFO: Extracting files from Armor/
00:30 TRACE: Armor_195.xnb
00:30  INFO: Extracting files from Armor/
00:30 TRACE: Armor_196.xnb
00:30  INFO: Extracting files from Armor/
00:30 TRACE: Armor_197.xnb
00:30  INFO: Extracting files from Armor/
00:30 TRACE: Armor_198.xnb
00:30  INFO: Extracting files from Armor/
00:30 TRACE: Armor_199.xnb
00:30  INFO: Extracting files from Armor/
00:30 TRACE: Armor_2.xnb
00:30  INFO: Extracting files from Armor/
00:30 TRACE: Armor_20.xnb
00:30  INFO: Extracting files from Armor/
00:30 TRACE: Armor_200.xnb
00:30  INFO: Extracting files from Armor/
00:30 TRACE: Armor_201.xnb
00:30  INFO: Extracting files from Armor/
00:30 TRACE: Armor_202.xnb
00:30  INFO: Extracting files from Armor/
00:30 TRACE: Armor_203.xnb
00:30  INFO: Extracting files from Armor/
00:30 TRACE: Armor_204.xnb
00:30  INFO: Extracting files from Armor/
00:30 TRACE: Armor_205.xnb
00:30  INFO: Extracting files from Armor/
00:30 TRACE: Armor_206.xnb
00:30  INFO: Extracting files from Armor/
00:30 TRACE: Armor_207.xnb
00:30  INFO: Extracting files from Armor/
00:30 TRACE: Armor_208.xnb
00:30  INFO: Extracting files from Armor/
00:30 TRACE: Armor_209.xnb
00:30  INFO: Extracting files from Armor/
00:30 TRACE: Armor_21.xnb
00:30  INFO: Extracting files from Armor/
00:30 TRACE: Armor_210.xnb
00:30  INFO: Extracting files from Armor/
00:30 TRACE: Armor_211.xnb
00:30  INFO: Extracting files from Armor/
00:30 TRACE: Armor_212.xnb
00:30  INFO: Extracting files from Armor/
00:30 TRACE: Armor_213.xnb
00:30  INFO: Extracting files from Armor/
00:30 TRACE: Armor_214.xnb
00:30  INFO: Extracting files from Armor/
00:30 TRACE: Armor_215.xnb
00:30  INFO: Extracting files from Armor/
00:30 TRACE: Armor_216.xnb
00:30  INFO: Extracting files from Armor/
00:30 TRACE: Armor_217.xnb
00:30  INFO: Extracting files from Armor/
00:30 TRACE: Armor_218.xnb
00:30  INFO: Extracting files from Armor/
00:30 TRACE: Armor_219.xnb
00:30  INFO: Extracting files from Armor/
00:30 TRACE: Armor_22.xnb
00:30  INFO: Extracting files from Armor/
00:30 TRACE: Armor_220.xnb
00:30  INFO: Extracting files from Armor/
00:30 TRACE: Armor_221.xnb
00:30  INFO: Extracting files from Armor/
00:30 TRACE: Armor_222.xnb
00:30  INFO: Extracting files from Armor/
00:30 TRACE: Armor_223.xnb
00:30  INFO: Extracting files from Armor/
00:30 TRACE: Armor_224.xnb
00:31  INFO: Extracting files from Armor/
00:31 TRACE: Armor_225.xnb
00:31  INFO: Extracting files from Armor/
00:31 TRACE: Armor_226.xnb
00:31  INFO: Extracting files from Armor/
00:31 TRACE: Armor_227.xnb
00:31  INFO: Extracting files from Armor/
00:31 TRACE: Armor_228.xnb
00:31  INFO: Extracting files from Armor/
00:31 TRACE: Armor_229.xnb
00:31  INFO: Extracting files from Armor/
00:31 TRACE: Armor_23.xnb
00:31  INFO: Extracting files from Armor/
00:31 TRACE: Armor_230.xnb
00:31  INFO: Extracting files from Armor/
00:31 TRACE: Armor_231.xnb
00:31  INFO: Extracting files from Armor/
00:31 TRACE: Armor_232.xnb
00:31  INFO: Extracting files from Armor/
00:31 TRACE: Armor_233.xnb
00:31  INFO: Extracting files from Armor/
00:31 TRACE: Armor_234.xnb
00:31  INFO: Extracting files from Armor/
00:31 TRACE: Armor_235.xnb
00:31  INFO: Extracting files from Armor/
00:31 TRACE: Armor_236.xnb
00:31  INFO: Extracting files from Armor/
00:31 TRACE: Armor_237.xnb
00:31  INFO: Extracting files from Armor/
00:31 TRACE: Armor_238.xnb
00:31  INFO: Extracting files from Armor/
00:31 TRACE: Armor_239.xnb
00:31  INFO: Extracting files from Armor/
00:31 TRACE: Armor_24.xnb
00:31  INFO: Extracting files from Armor/
00:31 TRACE: Armor_240.xnb
00:31  INFO: Extracting files from Armor/
00:31 TRACE: Armor_241.xnb
00:31  INFO: Extracting files from Armor/
00:31 TRACE: Armor_242.xnb
00:31  INFO: Extracting files from Armor/
00:31 TRACE: Armor_243.xnb
00:31  INFO: Extracting files from Armor/
00:31 TRACE: Armor_244.xnb
00:31  INFO: Extracting files from Armor/
00:31 TRACE: Armor_245.xnb
00:31  INFO: Extracting files from Armor/
00:31 TRACE: Armor_246.xnb
00:31  INFO: Extracting files from Armor/
00:31 TRACE: Armor_247.xnb
00:31  INFO: Extracting files from Armor/
00:31 TRACE: Armor_248.xnb
00:31  INFO: Extracting files from Armor/
00:31 TRACE: Armor_249.xnb
00:31  INFO: Extracting files from Armor/
00:31 TRACE: Armor_25.xnb
00:31  INFO: Extracting files from Armor/
00:31 TRACE: Armor_250.xnb
00:31  INFO: Extracting files from Armor/
00:31 TRACE: Armor_251.xnb
00:31  INFO: Extracting files from Armor/
00:31 TRACE: Armor_252.xnb
00:31  INFO: Extracting files from Armor/
00:31 TRACE: Armor_253.xnb
00:31  INFO: Extracting files from Armor/
00:31 TRACE: Armor_254.xnb
00:31  INFO: Extracting files from Armor/
00:31 TRACE: Armor_255.xnb
00:31  INFO: Extracting files from Armor/
00:31 TRACE: Armor_256.xnb
00:31  INFO: Extracting files from Armor/
00:31 TRACE: Armor_257.xnb
00:31  INFO: Extracting files from Armor/
00:31 TRACE: Armor_258.xnb
00:31  INFO: Extracting files from Armor/
00:31 TRACE: Armor_259.xnb
00:31  INFO: Extracting files from Armor/
00:31 TRACE: Armor_26.xnb
00:31  INFO: Extracting files from Armor/
00:31 TRACE: Armor_260.xnb
00:31  INFO: Extracting files from Armor/
00:31 TRACE: Armor_261.xnb
00:31  INFO: Extracting files from Armor/
00:31 TRACE: Armor_27.xnb
00:31  INFO: Extracting files from Armor/
00:31 TRACE: Armor_28.xnb
00:31  INFO: Extracting files from Armor/
00:31 TRACE: Armor_29.xnb
00:31  INFO: Extracting files from Armor/
00:31 TRACE: Armor_3.xnb
00:31  INFO: Extracting files from Armor/
00:31 TRACE: Armor_30.xnb
00:31  INFO: Extracting files from Armor/
00:31 TRACE: Armor_31.xnb
00:31  INFO: Extracting files from Armor/
00:31 TRACE: Armor_32.xnb
00:31  INFO: Extracting files from Armor/
00:31 TRACE: Armor_33.xnb
00:31  INFO: Extracting files from Armor/
00:31 TRACE: Armor_34.xnb
00:31  INFO: Extracting files from Armor/
00:31 TRACE: Armor_35.xnb
00:31  INFO: Extracting files from Armor/
00:31 TRACE: Armor_36.xnb
00:31  INFO: Extracting files from Armor/
00:31 TRACE: Armor_37.xnb
00:31  INFO: Extracting files from Armor/
00:31 TRACE: Armor_38.xnb
00:31  INFO: Extracting files from Armor/
00:31 TRACE: Armor_39.xnb
00:31  INFO: Extracting files from Armor/
00:31 TRACE: Armor_4.xnb
00:31  INFO: Extracting files from Armor/
00:31 TRACE: Armor_40.xnb
00:31  INFO: Extracting files from Armor/
00:31 TRACE: Armor_41.xnb
00:31  INFO: Extracting files from Armor/
00:31 TRACE: Armor_42.xnb
00:31  INFO: Extracting files from Armor/
00:31 TRACE: Armor_43.xnb
00:31  INFO: Extracting files from Armor/
00:31 TRACE: Armor_44.xnb
00:31  INFO: Extracting files from Armor/
00:31 TRACE: Armor_45.xnb
00:31  INFO: Extracting files from Armor/
00:31 TRACE: Armor_46.xnb
00:31  INFO: Extracting files from Armor/
00:31 TRACE: Armor_47.xnb
00:31  INFO: Extracting files from Armor/
00:31 TRACE: Armor_48.xnb
00:31  INFO: Extracting files from Armor/
00:31 TRACE: Armor_49.xnb
00:31  INFO: Extracting files from Armor/
00:31 TRACE: Armor_5.xnb
00:31  INFO: Extracting files from Armor/
00:31 TRACE: Armor_50.xnb
00:31  INFO: Extracting files from Armor/
00:31 TRACE: Armor_51.xnb
00:31  INFO: Extracting files from Armor/
00:31 TRACE: Armor_52.xnb
00:31  INFO: Extracting files from Armor/
00:31 TRACE: Armor_53.xnb
00:31  INFO: Extracting files from Armor/
00:31 TRACE: Armor_54.xnb
00:31  INFO: Extracting files from Armor/
00:31 TRACE: Armor_55.xnb
00:31  INFO: Extracting files from Armor/
00:31 TRACE: Armor_56.xnb
00:31  INFO: Extracting files from Armor/
00:31 TRACE: Armor_57.xnb
00:31  INFO: Extracting files from Armor/
00:31 TRACE: Armor_58.xnb
00:31  INFO: Extracting files from Armor/
00:31 TRACE: Armor_59.xnb
00:31  INFO: Extracting files from Armor/
00:31 TRACE: Armor_6.xnb
00:31  INFO: Extracting files from Armor/
00:31 TRACE: Armor_60.xnb
00:31  INFO: Extracting files from Armor/
00:31 TRACE: Armor_61.xnb
00:31  INFO: Extracting files from Armor/
00:31 TRACE: Armor_62.xnb
00:31  INFO: Extracting files from Armor/
00:31 TRACE: Armor_63.xnb
00:31  INFO: Extracting files from Armor/
00:31 TRACE: Armor_64.xnb
00:31  INFO: Extracting files from Armor/
00:31 TRACE: Armor_65.xnb
00:31  INFO: Extracting files from Armor/
00:31 TRACE: Armor_66.xnb
00:31  INFO: Extracting files from Armor/
00:31 TRACE: Armor_67.xnb
00:31  INFO: Extracting files from Armor/
00:31 TRACE: Armor_68.xnb
00:31  INFO: Extracting files from Armor/
00:31 TRACE: Armor_69.xnb
00:31  INFO: Extracting files from Armor/
00:31 TRACE: Armor_7.xnb
00:31  INFO: Extracting files from Armor/
00:31 TRACE: Armor_70.xnb
00:31  INFO: Extracting files from Armor/
00:31 TRACE: Armor_71.xnb
00:31  INFO: Extracting files from Armor/
00:31 TRACE: Armor_72.xnb
00:31  INFO: Extracting files from Armor/
00:31 TRACE: Armor_73.xnb
00:31  INFO: Extracting files from Armor/
00:31 TRACE: Armor_74.xnb
00:31  INFO: Extracting files from Armor/
00:31 TRACE: Armor_75.xnb
00:31  INFO: Extracting files from Armor/
00:31 TRACE: Armor_76.xnb
00:31  INFO: Extracting files from Armor/
00:31 TRACE: Armor_77.xnb
00:31  INFO: Extracting files from Armor/
00:31 TRACE: Armor_78.xnb
00:31  INFO: Extracting files from Armor/
00:31 TRACE: Armor_79.xnb
00:31  INFO: Extracting files from Armor/
00:31 TRACE: Armor_8.xnb
00:31  INFO: Extracting files from Armor/
00:31 TRACE: Armor_80.xnb
00:31  INFO: Extracting files from Armor/
00:31 TRACE: Armor_81.xnb
00:31  INFO: Extracting files from Armor/
00:31 TRACE: Armor_82.xnb
00:31  INFO: Extracting files from Armor/
00:31 TRACE: Armor_83.xnb
00:31  INFO: Extracting files from Armor/
00:31 TRACE: Armor_84.xnb
00:31  INFO: Extracting files from Armor/
00:31 TRACE: Armor_85.xnb
00:31  INFO: Extracting files from Armor/
00:31 TRACE: Armor_86.xnb
00:31  INFO: Extracting files from Armor/
00:31 TRACE: Armor_87.xnb
00:31  INFO: Extracting files from Armor/
00:31 TRACE: Armor_88.xnb
00:31  INFO: Extracting files from Armor/
00:31 TRACE: Armor_89.xnb
00:31  INFO: Extracting files from Armor/
00:31 TRACE: Armor_9.xnb
00:31  INFO: Extracting files from Armor/
00:31 TRACE: Armor_90.xnb
00:31  INFO: Extracting files from Armor/
00:31 TRACE: Armor_91.xnb
00:31  INFO: Extracting files from Armor/
00:31 TRACE: Armor_92.xnb
00:31  INFO: Extracting files from Armor/
00:31 TRACE: Armor_93.xnb
00:31  INFO: Extracting files from Armor/
00:31 TRACE: Armor_94.xnb
00:31  INFO: Extracting files from Armor/
00:31 TRACE: Armor_95.xnb
00:31  INFO: Extracting files from Armor/
00:31 TRACE: Armor_96.xnb
00:31  INFO: Extracting files from Armor/
00:31 TRACE: Armor_97.xnb
00:31  INFO: Extracting files from Armor/
00:31 TRACE: Armor_98.xnb
00:31  INFO: Extracting files from Armor/
00:31 TRACE: Armor_99.xnb
00:34  INFO: Extracting files from Backgrounds/
00:34 TRACE: Ambience
00:34  INFO: Extracting files from Backgrounds\Ambience/
00:34 TRACE: AirBalloons_Large.xnb
00:34  INFO: Extracting files from Backgrounds\Ambience/
00:34 TRACE: AirBalloons_Small.xnb
00:34  INFO: Extracting files from Backgrounds\Ambience/
00:34 TRACE: Bat1.xnb
00:34  INFO: Extracting files from Backgrounds\Ambience/
00:34 TRACE: Bat2.xnb
00:34  INFO: Extracting files from Backgrounds\Ambience/
00:34 TRACE: Bat3.xnb
00:34  INFO: Extracting files from Backgrounds\Ambience/
00:34 TRACE: BirdsVShape.xnb
00:34  INFO: Extracting files from Backgrounds\Ambience/
00:34 TRACE: BoneSerpant.xnb
00:34  INFO: Extracting files from Backgrounds\Ambience/
00:34 TRACE: ButterflySwarm1.xnb
00:34  INFO: Extracting files from Backgrounds\Ambience/
00:34 TRACE: ButterflySwarm2.xnb
00:34  INFO: Extracting files from Backgrounds\Ambience/
00:34 TRACE: Crimera1.xnb
00:34  INFO: Extracting files from Backgrounds\Ambience/
00:34 TRACE: Crimera2.xnb
00:34  INFO: Extracting files from Backgrounds\Ambience/
00:34 TRACE: Crimera3.xnb
00:34  INFO: Extracting files from Backgrounds\Ambience/
00:34 TRACE: EOC.xnb
00:34  INFO: Extracting files from Backgrounds\Ambience/
00:34 TRACE: EOS1.xnb
00:34  INFO: Extracting files from Backgrounds\Ambience/
00:34 TRACE: EOS2.xnb
00:34  INFO: Extracting files from Backgrounds\Ambience/
00:34 TRACE: EOS3.xnb
00:34  INFO: Extracting files from Backgrounds\Ambience/
00:34 TRACE: FlyingShip.xnb
00:34  INFO: Extracting files from Backgrounds\Ambience/
00:34 TRACE: Gastropod.xnb
00:34  INFO: Extracting files from Backgrounds\Ambience/
00:34 TRACE: HellBat1.xnb
00:34  INFO: Extracting files from Backgrounds\Ambience/
00:34 TRACE: HellBat2.xnb
00:34  INFO: Extracting files from Backgrounds\Ambience/
00:34 TRACE: LostKite.xnb
00:34  INFO: Extracting files from Backgrounds\Ambience/
00:34 TRACE: Meteor.xnb
00:34  INFO: Extracting files from Backgrounds\Ambience/
00:34 TRACE: Pegasus.xnb
00:34  INFO: Extracting files from Backgrounds\Ambience/
00:34 TRACE: PixiePosse1.xnb
00:34  INFO: Extracting files from Backgrounds\Ambience/
00:34 TRACE: PixiePosse2.xnb
00:34  INFO: Extracting files from Backgrounds\Ambience/
00:34 TRACE: Seagull.xnb
00:34  INFO: Extracting files from Backgrounds\Ambience/
00:34 TRACE: SlimeBalloons.xnb
00:34  INFO: Extracting files from Backgrounds\Ambience/
00:34 TRACE: Vulture.xnb
00:34  INFO: Extracting files from Backgrounds\Ambience/
00:34 TRACE: Wyvern.xnb
00:34  INFO: Extracting files from Backgrounds/
00:34 TRACE: Underworld 0.xnb
00:34  INFO: Extracting files from Backgrounds/
00:34 TRACE: Underworld 1.xnb
00:34  INFO: Extracting files from Backgrounds/
00:34 TRACE: Underworld 10.xnb
00:34  INFO: Extracting files from Backgrounds/
00:34 TRACE: Underworld 11.xnb
00:34  INFO: Extracting files from Backgrounds/
00:34 TRACE: Underworld 12.xnb
00:34  INFO: Extracting files from Backgrounds/
00:34 TRACE: Underworld 13.xnb
00:35  INFO: Extracting files from Backgrounds/
00:35 TRACE: Underworld 2.xnb
00:35  INFO: Extracting files from Backgrounds/
00:35 TRACE: Underworld 3.xnb
00:35  INFO: Extracting files from Backgrounds/
00:35 TRACE: Underworld 4.xnb
00:35  INFO: Extracting files from Backgrounds/
00:35 TRACE: Underworld 5.xnb
00:35  INFO: Extracting files from Backgrounds/
00:35 TRACE: Underworld 6.xnb
00:35  INFO: Extracting files from Backgrounds/
00:35 TRACE: Underworld 7.xnb
00:35  INFO: Extracting files from Backgrounds/
00:35 TRACE: Underworld 8.xnb
00:35  INFO: Extracting files from Backgrounds/
00:35 TRACE: Underworld 9.xnb
01:02  INFO: Extracting files from Misc/
01:02 TRACE: GolfBallOutline.xnb
01:02  INFO: Extracting files from Misc/
01:02 TRACE: MoonExplosion
01:02  INFO: Extracting files from Misc\MoonExplosion/
01:02 TRACE: Explosion.xnb
01:02  INFO: Extracting files from Misc\MoonExplosion/
01:02 TRACE: Head.xnb
01:02  INFO: Extracting files from Misc\MoonExplosion/
01:02 TRACE: Shoulder.xnb
01:02  INFO: Extracting files from Misc\MoonExplosion/
01:02 TRACE: Spine.xnb
01:02  INFO: Extracting files from Misc\MoonExplosion/
01:02 TRACE: Torso.xnb
01:02  INFO: Extracting files from Misc/
01:02 TRACE: NebulaSky
01:02  INFO: Extracting files from Misc\NebulaSky/
01:02 TRACE: Background.xnb
01:02  INFO: Extracting files from Misc\NebulaSky/
01:02 TRACE: Beam.xnb
01:02  INFO: Extracting files from Misc\NebulaSky/
01:02 TRACE: Planet.xnb
01:02  INFO: Extracting files from Misc\NebulaSky/
01:02 TRACE: Rock_0.xnb
01:02  INFO: Extracting files from Misc\NebulaSky/
01:02 TRACE: Rock_1.xnb
01:02  INFO: Extracting files from Misc\NebulaSky/
01:02 TRACE: Rock_2.xnb
01:02  INFO: Extracting files from Misc/
01:02 TRACE: noise.xnb
01:02  INFO: Extracting files from Misc/
01:02 TRACE: Perlin.xnb
01:02  INFO: Extracting files from Misc/
01:02 TRACE: Ripples.xnb
01:02  INFO: Extracting files from Misc/
01:02 TRACE: Sky_Slime_1.xnb
01:02  INFO: Extracting files from Misc/
01:02 TRACE: Sky_Slime_2.xnb
01:02  INFO: Extracting files from Misc/
01:02 TRACE: Sky_Slime_3.xnb
01:02  INFO: Extracting files from Misc/
01:02 TRACE: Sky_Slime_4.xnb
01:02  INFO: Extracting files from Misc/
01:02 TRACE: SolarSky
01:02  INFO: Extracting files from Misc\SolarSky/
01:02 TRACE: Background.xnb
01:02  INFO: Extracting files from Misc\SolarSky/
01:02 TRACE: Meteor.xnb
01:02  INFO: Extracting files from Misc\SolarSky/
01:02 TRACE: Planet.xnb
01:02  INFO: Extracting files from Misc/
01:02 TRACE: StarDustSky
01:02  INFO: Extracting files from Misc\StarDustSky/
01:02 TRACE: Background.xnb
01:02  INFO: Extracting files from Misc\StarDustSky/
01:02 TRACE: Planet.xnb
01:02  INFO: Extracting files from Misc\StarDustSky/
01:02 TRACE: Star 0.xnb
01:02  INFO: Extracting files from Misc\StarDustSky/
01:02 TRACE: Star 1.xnb
01:02  INFO: Extracting files from Misc/
01:02 TRACE: Sunflare
01:02  INFO: Extracting files from Misc\Sunflare/
01:02 TRACE: colorgradient.xnb
01:02  INFO: Extracting files from Misc\Sunflare/
01:02 TRACE: colorgradientdither.xnb
01:03  INFO: Extracting files from Misc\Sunflare/
01:03 TRACE: flare1.xnb
01:03  INFO: Extracting files from Misc\Sunflare/
01:03 TRACE: flare2.xnb
01:03  INFO: Extracting files from Misc\Sunflare/
01:03 TRACE: Lens
01:03  INFO: Extracting files from Misc\Sunflare\Lens/
01:03 TRACE: Flare1.xnb
01:03  INFO: Extracting files from Misc\Sunflare\Lens/
01:03 TRACE: Flare2.xnb
01:03  INFO: Extracting files from Misc\Sunflare\Lens/
01:03 TRACE: PointBlurry.xnb
01:03  INFO: Extracting files from Misc\Sunflare\Lens/
01:03 TRACE: PointSharp.xnb
01:03  INFO: Extracting files from Misc/
01:03 TRACE: Sunrise
01:03  INFO: Extracting files from Misc\Sunrise/
01:03 TRACE: Sunrise_Aluminum.xnb
01:03  INFO: Extracting files from Misc\Sunrise/
01:03 TRACE: Sunrise_Blue.xnb
01:03  INFO: Extracting files from Misc\Sunrise/
01:03 TRACE: Sunrise_Violet.xnb
01:03  INFO: Extracting files from Misc\Sunrise/
01:03 TRACE: Sunrise_Yellow.xnb
01:03  INFO: Extracting files from Misc/
01:03 TRACE: Sunset
01:03  INFO: Extracting files from Misc\Sunset/
01:03 TRACE: Sunset_Blue.xnb
01:03  INFO: Extracting files from Misc\Sunset/
01:03 TRACE: Sunset_Dark.xnb
01:03  INFO: Extracting files from Misc\Sunset/
01:03 TRACE: Sunset_Pink.xnb
01:03  INFO: Extracting files from Misc\Sunset/
01:03 TRACE: Sunset_Red.xnb
01:04  INFO: Extracting files from Misc/
01:04 TRACE: TileOutlines
01:04  INFO: Extracting files from Misc\TileOutlines/
01:04 TRACE: Tiles_10.xnb
01:04  INFO: Extracting files from Misc\TileOutlines/
01:04 TRACE: Tiles_101.xnb
01:04  INFO: Extracting files from Misc\TileOutlines/
01:04 TRACE: Tiles_102.xnb
01:04  INFO: Extracting files from Misc\TileOutlines/
01:04 TRACE: Tiles_104.xnb
01:04  INFO: Extracting files from Misc\TileOutlines/
01:04 TRACE: Tiles_106.xnb
01:04  INFO: Extracting files from Misc\TileOutlines/
01:04 TRACE: Tiles_11.xnb
01:04  INFO: Extracting files from Misc\TileOutlines/
01:04 TRACE: Tiles_114.xnb
01:04  INFO: Extracting files from Misc\TileOutlines/
01:04 TRACE: Tiles_125.xnb
01:04  INFO: Extracting files from Misc\TileOutlines/
01:04 TRACE: Tiles_132.xnb
01:04  INFO: Extracting files from Misc\TileOutlines/
01:04 TRACE: Tiles_133.xnb
01:04  INFO: Extracting files from Misc\TileOutlines/
01:04 TRACE: Tiles_134.xnb
01:04  INFO: Extracting files from Misc\TileOutlines/
01:04 TRACE: Tiles_136.xnb
01:04  INFO: Extracting files from Misc\TileOutlines/
01:04 TRACE: Tiles_139.xnb
01:04  INFO: Extracting files from Misc\TileOutlines/
01:04 TRACE: Tiles_14.xnb
01:04  INFO: Extracting files from Misc\TileOutlines/
01:04 TRACE: Tiles_144.xnb
01:04  INFO: Extracting files from Misc\TileOutlines/
01:04 TRACE: Tiles_15.xnb
01:04  INFO: Extracting files from Misc\TileOutlines/
01:04 TRACE: Tiles_16.xnb
01:04  INFO: Extracting files from Misc\TileOutlines/
01:04 TRACE: Tiles_17.xnb
01:04  INFO: Extracting files from Misc\TileOutlines/
01:04 TRACE: Tiles_172.xnb
01:04  INFO: Extracting files from Misc\TileOutlines/
01:04 TRACE: Tiles_18.xnb
01:04  INFO: Extracting files from Misc\TileOutlines/
01:04 TRACE: Tiles_207.xnb
01:04  INFO: Extracting files from Misc\TileOutlines/
01:04 TRACE: Tiles_209.xnb
01:04  INFO: Extracting files from Misc\TileOutlines/
01:04 TRACE: Tiles_21.xnb
01:04  INFO: Extracting files from Misc\TileOutlines/
01:04 TRACE: Tiles_212.xnb
01:04  INFO: Extracting files from Misc\TileOutlines/
01:04 TRACE: Tiles_215.xnb
01:04  INFO: Extracting files from Misc\TileOutlines/
01:04 TRACE: Tiles_216.xnb
01:04  INFO: Extracting files from Misc\TileOutlines/
01:04 TRACE: Tiles_217.xnb
01:04  INFO: Extracting files from Misc\TileOutlines/
01:04 TRACE: Tiles_218.xnb
01:04  INFO: Extracting files from Misc\TileOutlines/
01:04 TRACE: Tiles_220.xnb
01:04  INFO: Extracting files from Misc\TileOutlines/
01:04 TRACE: Tiles_228.xnb
01:04  INFO: Extracting files from Misc\TileOutlines/
01:04 TRACE: Tiles_237.xnb
01:04  INFO: Extracting files from Misc\TileOutlines/
01:04 TRACE: Tiles_243.xnb
01:04  INFO: Extracting files from Misc\TileOutlines/
01:04 TRACE: Tiles_247.xnb
01:04  INFO: Extracting files from Misc\TileOutlines/
01:04 TRACE: Tiles_26.xnb
01:04  INFO: Extracting files from Misc\TileOutlines/
01:04 TRACE: Tiles_283.xnb
01:04  INFO: Extracting files from Misc\TileOutlines/
01:04 TRACE: Tiles_287.xnb
01:04  INFO: Extracting files from Misc\TileOutlines/
01:04 TRACE: Tiles_29.xnb
01:04  INFO: Extracting files from Misc\TileOutlines/
01:04 TRACE: Tiles_300.xnb
01:04  INFO: Extracting files from Misc\TileOutlines/
01:04 TRACE: Tiles_301.xnb
01:04  INFO: Extracting files from Misc\TileOutlines/
01:04 TRACE: Tiles_302.xnb
01:04  INFO: Extracting files from Misc\TileOutlines/
01:04 TRACE: Tiles_303.xnb
01:04  INFO: Extracting files from Misc\TileOutlines/
01:04 TRACE: Tiles_304.xnb
01:04  INFO: Extracting files from Misc\TileOutlines/
01:04 TRACE: Tiles_305.xnb
01:04  INFO: Extracting files from Misc\TileOutlines/
01:04 TRACE: Tiles_306.xnb
01:04  INFO: Extracting files from Misc\TileOutlines/
01:04 TRACE: Tiles_307.xnb
01:04  INFO: Extracting files from Misc\TileOutlines/
01:04 TRACE: Tiles_308.xnb
01:04  INFO: Extracting files from Misc\TileOutlines/
01:04 TRACE: Tiles_335.xnb
01:04  INFO: Extracting files from Misc\TileOutlines/
01:04 TRACE: Tiles_338.xnb
01:04  INFO: Extracting files from Misc\TileOutlines/
01:04 TRACE: Tiles_354.xnb
01:04  INFO: Extracting files from Misc\TileOutlines/
01:04 TRACE: Tiles_355.xnb
01:04  INFO: Extracting files from Misc\TileOutlines/
01:04 TRACE: Tiles_356.xnb
01:04  INFO: Extracting files from Misc\TileOutlines/
01:04 TRACE: Tiles_377.xnb
01:04  INFO: Extracting files from Misc\TileOutlines/
01:04 TRACE: Tiles_386.xnb
01:04  INFO: Extracting files from Misc\TileOutlines/
01:04 TRACE: Tiles_387.xnb
01:04  INFO: Extracting files from Misc\TileOutlines/
01:04 TRACE: Tiles_388.xnb
01:04  INFO: Extracting files from Misc\TileOutlines/
01:04 TRACE: Tiles_389.xnb
01:04  INFO: Extracting files from Misc\TileOutlines/
01:04 TRACE: Tiles_410.xnb
01:04  INFO: Extracting files from Misc\TileOutlines/
01:04 TRACE: Tiles_411.xnb
01:04  INFO: Extracting files from Misc\TileOutlines/
01:04 TRACE: Tiles_412.xnb
01:04  INFO: Extracting files from Misc\TileOutlines/
01:04 TRACE: Tiles_425.xnb
01:04  INFO: Extracting files from Misc\TileOutlines/
01:04 TRACE: Tiles_441.xnb
01:04  INFO: Extracting files from Misc\TileOutlines/
01:04 TRACE: Tiles_455.xnb
01:04  INFO: Extracting files from Misc\TileOutlines/
01:04 TRACE: Tiles_463.xnb
01:04  INFO: Extracting files from Misc\TileOutlines/
01:04 TRACE: Tiles_464.xnb
01:04  INFO: Extracting files from Misc\TileOutlines/
01:04 TRACE: Tiles_467.xnb
01:04  INFO: Extracting files from Misc\TileOutlines/
01:04 TRACE: Tiles_468.xnb
01:04  INFO: Extracting files from Misc\TileOutlines/
01:04 TRACE: Tiles_469.xnb
01:04  INFO: Extracting files from Misc\TileOutlines/
01:04 TRACE: Tiles_470.xnb
01:04  INFO: Extracting files from Misc\TileOutlines/
01:04 TRACE: Tiles_475.xnb
01:04  INFO: Extracting files from Misc\TileOutlines/
01:04 TRACE: Tiles_480.xnb
01:04  INFO: Extracting files from Misc\TileOutlines/
01:04 TRACE: Tiles_487.xnb
01:04  INFO: Extracting files from Misc\TileOutlines/
01:04 TRACE: Tiles_494.xnb
01:04  INFO: Extracting files from Misc\TileOutlines/
01:04 TRACE: Tiles_497.xnb
01:04  INFO: Extracting files from Misc\TileOutlines/
01:04 TRACE: Tiles_499.xnb
01:04  INFO: Extracting files from Misc\TileOutlines/
01:04 TRACE: Tiles_509.xnb
01:04  INFO: Extracting files from Misc\TileOutlines/
01:04 TRACE: Tiles_510.xnb
01:04  INFO: Extracting files from Misc\TileOutlines/
01:04 TRACE: Tiles_511.xnb
01:04  INFO: Extracting files from Misc\TileOutlines/
01:04 TRACE: Tiles_55.xnb
01:04  INFO: Extracting files from Misc\TileOutlines/
01:04 TRACE: Tiles_621.xnb
01:04  INFO: Extracting files from Misc\TileOutlines/
01:04 TRACE: Tiles_622.xnb
01:04  INFO: Extracting files from Misc\TileOutlines/
01:04 TRACE: Tiles_657.xnb
01:04  INFO: Extracting files from Misc\TileOutlines/
01:04 TRACE: Tiles_658.xnb
01:04  INFO: Extracting files from Misc\TileOutlines/
01:04 TRACE: Tiles_663.xnb
01:04  INFO: Extracting files from Misc\TileOutlines/
01:04 TRACE: Tiles_699.xnb
01:04  INFO: Extracting files from Misc\TileOutlines/
01:04 TRACE: Tiles_720.xnb
01:04  INFO: Extracting files from Misc\TileOutlines/
01:04 TRACE: Tiles_721.xnb
01:04  INFO: Extracting files from Misc\TileOutlines/
01:04 TRACE: Tiles_725.xnb
01:04  INFO: Extracting files from Misc\TileOutlines/
01:04 TRACE: Tiles_733.xnb
01:04  INFO: Extracting files from Misc\TileOutlines/
01:04 TRACE: Tiles_77.xnb
01:04  INFO: Extracting files from Misc\TileOutlines/
01:04 TRACE: Tiles_79.xnb
01:04  INFO: Extracting files from Misc\TileOutlines/
01:04 TRACE: Tiles_85.xnb
01:04  INFO: Extracting files from Misc\TileOutlines/
01:04 TRACE: Tiles_86.xnb
01:04  INFO: Extracting files from Misc\TileOutlines/
01:04 TRACE: Tiles_88.xnb
01:04  INFO: Extracting files from Misc\TileOutlines/
01:04 TRACE: Tiles_89.xnb
01:04  INFO: Extracting files from Misc\TileOutlines/
01:04 TRACE: Tiles_94.xnb
01:04  INFO: Extracting files from Misc\TileOutlines/
01:04 TRACE: Tiles_96.xnb
01:04  INFO: Extracting files from Misc\TileOutlines/
01:04 TRACE: Tiles_97.xnb
01:04  INFO: Extracting files from Misc/
01:04 TRACE: VortexSky
01:04  INFO: Extracting files from Misc\VortexSky/
01:04 TRACE: Background.xnb
01:04  INFO: Extracting files from Misc\VortexSky/
01:04 TRACE: Bolt.xnb
01:04  INFO: Extracting files from Misc\VortexSky/
01:04 TRACE: Flash.xnb
01:04  INFO: Extracting files from Misc\VortexSky/
01:04 TRACE: Planet.xnb
01:04  INFO: Extracting files from Misc/
01:04 TRACE: water_0.xnb
01:04  INFO: Extracting files from Misc/
01:04 TRACE: water_1.xnb
01:04  INFO: Extracting files from Misc/
01:04 TRACE: water_10.xnb
01:04  INFO: Extracting files from Misc/
01:04 TRACE: water_11.xnb
01:04  INFO: Extracting files from Misc/
01:04 TRACE: water_12.xnb
01:04  INFO: Extracting files from Misc/
01:04 TRACE: water_13.xnb
01:04  INFO: Extracting files from Misc/
01:04 TRACE: water_14.xnb
01:04  INFO: Extracting files from Misc/
01:04 TRACE: water_2.xnb
01:04  INFO: Extracting files from Misc/
01:04 TRACE: water_3.xnb
01:04  INFO: Extracting files from Misc/
01:04 TRACE: water_4.xnb
01:04  INFO: Extracting files from Misc/
01:04 TRACE: water_5.xnb
01:04  INFO: Extracting files from Misc/
01:04 TRACE: water_6.xnb
01:04  INFO: Extracting files from Misc/
01:04 TRACE: water_7.xnb
01:04  INFO: Extracting files from Misc/
01:04 TRACE: water_8.xnb
01:04  INFO: Extracting files from Misc/
01:04 TRACE: water_9.xnb
01:12  INFO: Extracting files from SplashScreens/
01:12 TRACE: ResonanceArray.xnb
01:12  INFO: Extracting files from SplashScreens/
01:12 TRACE: Splash_0.xnb
01:12  INFO: Extracting files from SplashScreens/
01:12 TRACE: Splash_1.xnb
01:13  INFO: Extracting files from SplashScreens/
01:13 TRACE: Splash_10_0.xnb
01:13  INFO: Extracting files from SplashScreens/
01:13 TRACE: Splash_10_1.xnb
01:13  INFO: Extracting files from SplashScreens/
01:13 TRACE: Splash_10_2.xnb
01:13  INFO: Extracting files from SplashScreens/
01:13 TRACE: Splash_1_0.xnb
01:13  INFO: Extracting files from SplashScreens/
01:13 TRACE: Splash_1_1.xnb
01:13  INFO: Extracting files from SplashScreens/
01:13 TRACE: Splash_1_2.xnb
01:13  INFO: Extracting files from SplashScreens/
01:13 TRACE: Splash_2_0.xnb
01:13  INFO: Extracting files from SplashScreens/
01:13 TRACE: Splash_2_1.xnb
01:13  INFO: Extracting files from SplashScreens/
01:13 TRACE: Splash_2_2.xnb
01:13  INFO: Extracting files from SplashScreens/
01:13 TRACE: Splash_3_0.xnb
01:13  INFO: Extracting files from SplashScreens/
01:13 TRACE: Splash_3_1.xnb
01:14  INFO: Extracting files from SplashScreens/
01:14 TRACE: Splash_3_2.xnb
01:14  INFO: Extracting files from SplashScreens/
01:14 TRACE: Splash_4_0.xnb
01:14  INFO: Extracting files from SplashScreens/
01:14 TRACE: Splash_4_1.xnb
01:14  INFO: Extracting files from SplashScreens/
01:14 TRACE: Splash_4_2.xnb
01:14  INFO: Extracting files from SplashScreens/
01:14 TRACE: Splash_5_0.xnb
01:14  INFO: Extracting files from SplashScreens/
01:14 TRACE: Splash_5_1.xnb
01:14  INFO: Extracting files from SplashScreens/
01:14 TRACE: Splash_5_2.xnb
01:14  INFO: Extracting files from SplashScreens/
01:14 TRACE: Splash_6_0.xnb
01:15  INFO: Extracting files from SplashScreens/
01:15 TRACE: Splash_6_1.xnb
01:15  INFO: Extracting files from SplashScreens/
01:15 TRACE: Splash_6_2.xnb
01:15  INFO: Extracting files from SplashScreens/
01:15 TRACE: Splash_7_0.xnb
01:15  INFO: Extracting files from SplashScreens/
01:15 TRACE: Splash_7_1.xnb
01:15  INFO: Extracting files from SplashScreens/
01:15 TRACE: Splash_7_2.xnb
01:15  INFO: Extracting files from SplashScreens/
01:15 TRACE: Splash_8_0.xnb
01:15  INFO: Extracting files from SplashScreens/
01:15 TRACE: Splash_8_1.xnb
01:15  INFO: Extracting files from SplashScreens/
01:15 TRACE: Splash_8_2.xnb
01:15  INFO: Extracting files from SplashScreens/
01:15 TRACE: Splash_9_0.xnb
01:16  INFO: Extracting files from SplashScreens/
01:16 TRACE: Splash_9_1.xnb
01:16  INFO: Extracting files from SplashScreens/
01:16 TRACE: Splash_9_2.xnb
01:20  INFO: Extracting files from TownNPCs/
01:20 TRACE: Angler_Default.xnb
01:20  INFO: Extracting files from TownNPCs/
01:20 TRACE: Angler_Default_Party.xnb
01:20  INFO: Extracting files from TownNPCs/
01:20 TRACE: ArmsDealer_Default.xnb
01:20  INFO: Extracting files from TownNPCs/
01:20 TRACE: BestiaryGirl_Default.xnb
01:20  INFO: Extracting files from TownNPCs/
01:21 TRACE: BestiaryGirl_Default_Credits.xnb
01:21  INFO: Extracting files from TownNPCs/
01:21 TRACE: BestiaryGirl_Default_Transformed.xnb
01:21  INFO: Extracting files from TownNPCs/
01:21 TRACE: Bunny_Angora.xnb
01:21  INFO: Extracting files from TownNPCs/
01:21 TRACE: Bunny_Dutch.xnb
01:21  INFO: Extracting files from TownNPCs/
01:21 TRACE: Bunny_Flemish.xnb
01:21  INFO: Extracting files from TownNPCs/
01:21 TRACE: Bunny_Lop.xnb
01:21  INFO: Extracting files from TownNPCs/
01:21 TRACE: Bunny_Silver.xnb
01:21  INFO: Extracting files from TownNPCs/
01:21 TRACE: Bunny_White.xnb
01:21  INFO: Extracting files from TownNPCs/
01:21 TRACE: Cat_Black.xnb
01:21  INFO: Extracting files from TownNPCs/
01:21 TRACE: Cat_OrangeTabby.xnb
01:21  INFO: Extracting files from TownNPCs/
01:21 TRACE: Cat_RussianBlue.xnb
01:21  INFO: Extracting files from TownNPCs/
01:21 TRACE: Cat_Siamese.xnb
01:21  INFO: Extracting files from TownNPCs/
01:21 TRACE: Cat_Silver.xnb
01:21  INFO: Extracting files from TownNPCs/
01:21 TRACE: Cat_White.xnb
01:21  INFO: Extracting files from TownNPCs/
01:21 TRACE: Clothier_Default.xnb
01:21  INFO: Extracting files from TownNPCs/
01:21 TRACE: Clothier_Default_Party.xnb
01:21  INFO: Extracting files from TownNPCs/
01:21 TRACE: Cyborg_Default.xnb
01:21  INFO: Extracting files from TownNPCs/
01:21 TRACE: Cyborg_Default_Party.xnb
01:21  INFO: Extracting files from TownNPCs/
01:21 TRACE: Demolitionist_Default.xnb
01:21  INFO: Extracting files from TownNPCs/
01:21 TRACE: Demolitionist_Default_Party.xnb
01:21  INFO: Extracting files from TownNPCs/
01:21 TRACE: Dog_Beagle.xnb
01:21  INFO: Extracting files from TownNPCs/
01:21 TRACE: Dog_Corgi.xnb
01:21  INFO: Extracting files from TownNPCs/
01:21 TRACE: Dog_Dalmation.xnb
01:21  INFO: Extracting files from TownNPCs/
01:21 TRACE: Dog_Husky.xnb
01:21  INFO: Extracting files from TownNPCs/
01:21 TRACE: Dog_Labrador.xnb
01:21  INFO: Extracting files from TownNPCs/
01:21 TRACE: Dog_PitBull.xnb
01:21  INFO: Extracting files from TownNPCs/
01:21 TRACE: Dryad_Default.xnb
01:21  INFO: Extracting files from TownNPCs/
01:21 TRACE: DyeTrader_Default.xnb
01:21  INFO: Extracting files from TownNPCs/
01:21 TRACE: DyeTrader_Default_Party.xnb
01:21  INFO: Extracting files from TownNPCs/
01:21 TRACE: GoblinTinkerer_Default.xnb
01:21  INFO: Extracting files from TownNPCs/
01:21 TRACE: Golfer_Default.xnb
01:21  INFO: Extracting files from TownNPCs/
01:21 TRACE: Golfer_Default_Party.xnb
01:21  INFO: Extracting files from TownNPCs/
01:21 TRACE: Guide_Default.xnb
01:21  INFO: Extracting files from TownNPCs/
01:21 TRACE: Mechanic_Default.xnb
01:21  INFO: Extracting files from TownNPCs/
01:21 TRACE: Mechanic_Default_Party.xnb
01:21  INFO: Extracting files from TownNPCs/
01:21 TRACE: Merchant_Default.xnb
01:21  INFO: Extracting files from TownNPCs/
01:21 TRACE: Merchant_Default_Party.xnb
01:21  INFO: Extracting files from TownNPCs/
01:21 TRACE: Nurse_Default.xnb
01:21  INFO: Extracting files from TownNPCs/
01:21 TRACE: Nurse_Default_Party.xnb
01:21  INFO: Extracting files from TownNPCs/
01:21 TRACE: OldMan_Default.xnb
01:21  INFO: Extracting files from TownNPCs/
01:21 TRACE: Painter_Default.xnb
01:21  INFO: Extracting files from TownNPCs/
01:21 TRACE: Painter_Default_Party.xnb
01:21  INFO: Extracting files from TownNPCs/
01:21 TRACE: PartyGirl_Default.xnb
01:21  INFO: Extracting files from TownNPCs/
01:21 TRACE: Pirate_Default.xnb
01:21  INFO: Extracting files from TownNPCs/
01:21 TRACE: Pirate_Default_Party.xnb
01:21  INFO: Extracting files from TownNPCs/
01:21 TRACE: Portraits
01:21  INFO: Extracting files from TownNPCs\Portraits/
01:21 TRACE: Portrait_Angler.xnb
01:21  INFO: Extracting files from TownNPCs\Portraits/
01:21 TRACE: Portrait_Angler_shimmer.xnb
01:21  INFO: Extracting files from TownNPCs\Portraits/
01:21 TRACE: Portrait_ArmsDealer.xnb
01:21  INFO: Extracting files from TownNPCs\Portraits/
01:21 TRACE: Portrait_ArmsDealer_shimmer.xnb
01:21  INFO: Extracting files from TownNPCs\Portraits/
01:21 TRACE: Portrait_Bunny_Angora.xnb
01:21  INFO: Extracting files from TownNPCs\Portraits/
01:21 TRACE: Portrait_Bunny_Dutch.xnb
01:21  INFO: Extracting files from TownNPCs\Portraits/
01:21 TRACE: Portrait_Bunny_Flemish.xnb
01:21  INFO: Extracting files from TownNPCs\Portraits/
01:21 TRACE: Portrait_Bunny_Lop.xnb
01:21  INFO: Extracting files from TownNPCs\Portraits/
01:21 TRACE: Portrait_Bunny_Silver.xnb
01:21  INFO: Extracting files from TownNPCs\Portraits/
01:21 TRACE: Portrait_Bunny_White.xnb
01:21  INFO: Extracting files from TownNPCs\Portraits/
01:21 TRACE: Portrait_Cat_Black.xnb
01:21  INFO: Extracting files from TownNPCs\Portraits/
01:21 TRACE: Portrait_Cat_Orangetabby.xnb
01:21  INFO: Extracting files from TownNPCs\Portraits/
01:21 TRACE: Portrait_Cat_RussianBlue.xnb
01:21  INFO: Extracting files from TownNPCs\Portraits/
01:21 TRACE: Portrait_Cat_Siamese.xnb
01:21  INFO: Extracting files from TownNPCs\Portraits/
01:21 TRACE: Portrait_Cat_Silver.xnb
01:21  INFO: Extracting files from TownNPCs\Portraits/
01:21 TRACE: Portrait_Cat_White.xnb
01:21  INFO: Extracting files from TownNPCs\Portraits/
01:21 TRACE: Portrait_Clothier.xnb
01:21  INFO: Extracting files from TownNPCs\Portraits/
01:21 TRACE: Portrait_Clothier_shimmer.xnb
01:21  INFO: Extracting files from TownNPCs\Portraits/
01:21 TRACE: Portrait_Cyborg.xnb
01:21  INFO: Extracting files from TownNPCs\Portraits/
01:21 TRACE: Portrait_Cyborg_shimmer.xnb
01:21  INFO: Extracting files from TownNPCs\Portraits/
01:21 TRACE: Portrait_Demolitionist.xnb
01:21  INFO: Extracting files from TownNPCs\Portraits/
01:21 TRACE: Portrait_Demolitionist_shimmer.xnb
01:21  INFO: Extracting files from TownNPCs\Portraits/
01:21 TRACE: Portrait_Dog_Beagle.xnb
01:21  INFO: Extracting files from TownNPCs\Portraits/
01:21 TRACE: Portrait_Dog_Corgi.xnb
01:21  INFO: Extracting files from TownNPCs\Portraits/
01:21 TRACE: Portrait_Dog_Dalmatian.xnb
01:21  INFO: Extracting files from TownNPCs\Portraits/
01:21 TRACE: Portrait_Dog_Husky.xnb
01:21  INFO: Extracting files from TownNPCs\Portraits/
01:21 TRACE: Portrait_Dog_Labrador.xnb
01:21  INFO: Extracting files from TownNPCs\Portraits/
01:21 TRACE: Portrait_Dog_PitBull.xnb
01:21  INFO: Extracting files from TownNPCs\Portraits/
01:21 TRACE: Portrait_Dryad.xnb
01:21  INFO: Extracting files from TownNPCs\Portraits/
01:21 TRACE: Portrait_Dryad_shimmer.xnb
01:21  INFO: Extracting files from TownNPCs\Portraits/
01:21 TRACE: Portrait_DyeTrader.xnb
01:21  INFO: Extracting files from TownNPCs\Portraits/
01:21 TRACE: Portrait_DyeTrader_shimmer.xnb
01:21  INFO: Extracting files from TownNPCs\Portraits/
01:21 TRACE: Portrait_GoblinTinkerer.xnb
01:21  INFO: Extracting files from TownNPCs\Portraits/
01:21 TRACE: Portrait_GoblinTinkerer_shimmer.xnb
01:21  INFO: Extracting files from TownNPCs\Portraits/
01:21 TRACE: Portrait_Golfer.xnb
01:21  INFO: Extracting files from TownNPCs\Portraits/
01:21 TRACE: Portrait_Golfer_shimmer.xnb
01:21  INFO: Extracting files from TownNPCs\Portraits/
01:21 TRACE: Portrait_Guide.xnb
01:21  INFO: Extracting files from TownNPCs\Portraits/
01:21 TRACE: Portrait_Guide_shimmer.xnb
01:21  INFO: Extracting files from TownNPCs\Portraits/
01:21 TRACE: Portrait_Mechanic.xnb
01:21  INFO: Extracting files from TownNPCs\Portraits/
01:21 TRACE: Portrait_Mechanic_shimmer.xnb
01:21  INFO: Extracting files from TownNPCs\Portraits/
01:21 TRACE: Portrait_Merchant.xnb
01:21  INFO: Extracting files from TownNPCs\Portraits/
01:21 TRACE: Portrait_Merchant_shimmer.xnb
01:21  INFO: Extracting files from TownNPCs\Portraits/
01:21 TRACE: Portrait_Nurse.xnb
01:21  INFO: Extracting files from TownNPCs\Portraits/
01:21 TRACE: Portrait_Nurse_shimmer.xnb
01:21  INFO: Extracting files from TownNPCs\Portraits/
01:21 TRACE: Portrait_OldMan.xnb
01:21  INFO: Extracting files from TownNPCs\Portraits/
01:21 TRACE: Portrait_OldMan_shimmer.xnb
01:21  INFO: Extracting files from TownNPCs\Portraits/
01:21 TRACE: Portrait_Painter.xnb
01:21  INFO: Extracting files from TownNPCs\Portraits/
01:21 TRACE: Portrait_Painter_shimmer.xnb
01:21  INFO: Extracting files from TownNPCs\Portraits/
01:21 TRACE: Portrait_PartyGirl.xnb
01:21  INFO: Extracting files from TownNPCs\Portraits/
01:21 TRACE: Portrait_PartyGirl_shimmer.xnb
01:21  INFO: Extracting files from TownNPCs\Portraits/
01:21 TRACE: Portrait_Pirate.xnb
01:21  INFO: Extracting files from TownNPCs\Portraits/
01:21 TRACE: Portrait_Pirate_shimmer.xnb
01:21  INFO: Extracting files from TownNPCs\Portraits/
01:21 TRACE: Portrait_Princess.xnb
01:21  INFO: Extracting files from TownNPCs\Portraits/
01:21 TRACE: Portrait_Princess_shimmer.xnb
01:21  INFO: Extracting files from TownNPCs\Portraits/
01:21 TRACE: Portrait_Santa.xnb
01:21  INFO: Extracting files from TownNPCs\Portraits/
01:21 TRACE: Portrait_Santa_shimmer.xnb
01:21  INFO: Extracting files from TownNPCs\Portraits/
01:21 TRACE: Portrait_SkeletonMerchant.xnb
01:21  INFO: Extracting files from TownNPCs\Portraits/
01:21 TRACE: Portrait_SkeletonMerchant_shimmer.xnb
01:21  INFO: Extracting files from TownNPCs\Portraits/
01:21 TRACE: Portrait_SlimeClumsy.xnb
01:21  INFO: Extracting files from TownNPCs\Portraits/
01:21 TRACE: Portrait_SlimeCool.xnb
01:21  INFO: Extracting files from TownNPCs\Portraits/
01:21 TRACE: Portrait_SlimeDiva.xnb
01:21  INFO: Extracting files from TownNPCs\Portraits/
01:21 TRACE: Portrait_SlimeElder.xnb
01:21  INFO: Extracting files from TownNPCs\Portraits/
01:21 TRACE: Portrait_SlimeMystic.xnb
01:21  INFO: Extracting files from TownNPCs\Portraits/
01:21 TRACE: Portrait_SlimeNerdy.xnb
01:21  INFO: Extracting files from TownNPCs\Portraits/
01:21 TRACE: Portrait_SlimeSquire.xnb
01:21  INFO: Extracting files from TownNPCs\Portraits/
01:21 TRACE: Portrait_SlimeSurly.xnb
01:21  INFO: Extracting files from TownNPCs\Portraits/
01:21 TRACE: Portrait_Steampunker.xnb
01:21  INFO: Extracting files from TownNPCs\Portraits/
01:21 TRACE: Portrait_Steampunker_shimmer.xnb
01:21  INFO: Extracting files from TownNPCs\Portraits/
01:21 TRACE: Portrait_Stylist.xnb
01:21  INFO: Extracting files from TownNPCs\Portraits/
01:21 TRACE: Portrait_Stylist_shimmer.xnb
01:21  INFO: Extracting files from TownNPCs\Portraits/
01:21 TRACE: Portrait_Tavernkeep.xnb
01:21  INFO: Extracting files from TownNPCs\Portraits/
01:21 TRACE: Portrait_Tavernkeep_shimmer.xnb
01:21  INFO: Extracting files from TownNPCs\Portraits/
01:21 TRACE: Portrait_TaxCollector.xnb
01:21  INFO: Extracting files from TownNPCs\Portraits/
01:21 TRACE: Portrait_TaxCollector_shimmer.xnb
01:21  INFO: Extracting files from TownNPCs\Portraits/
01:21 TRACE: Portrait_TravellingMerchant.xnb
01:21  INFO: Extracting files from TownNPCs\Portraits/
01:21 TRACE: Portrait_TravellingMerchant_shimmer.xnb
01:21  INFO: Extracting files from TownNPCs\Portraits/
01:21 TRACE: Portrait_Truffle.xnb
01:21  INFO: Extracting files from TownNPCs\Portraits/
01:21 TRACE: Portrait_Truffle_shimmer.xnb
01:21  INFO: Extracting files from TownNPCs\Portraits/
01:21 TRACE: Portrait_Window.xnb
01:21  INFO: Extracting files from TownNPCs\Portraits/
01:21 TRACE: Portrait_WitchDoctor.xnb
01:21  INFO: Extracting files from TownNPCs\Portraits/
01:21 TRACE: Portrait_WitchDoctor_shimmer.xnb
01:21  INFO: Extracting files from TownNPCs\Portraits/
01:21 TRACE: Portrait_Wizard.xnb
01:21  INFO: Extracting files from TownNPCs\Portraits/
01:21 TRACE: Portrait_Wizard_shimmer.xnb
01:21  INFO: Extracting files from TownNPCs\Portraits/
01:21 TRACE: Portrait_Zoologista.xnb
01:21  INFO: Extracting files from TownNPCs\Portraits/
01:21 TRACE: Portrait_Zoologista_shimmer.xnb
01:21  INFO: Extracting files from TownNPCs\Portraits/
01:21 TRACE: Portrait_Zoologistb.xnb
01:21  INFO: Extracting files from TownNPCs\Portraits/
01:21 TRACE: Portrait_Zoologistb_shimmer.xnb
01:21  INFO: Extracting files from TownNPCs/
01:21 TRACE: Princess_Default.xnb
01:21  INFO: Extracting files from TownNPCs/
01:21 TRACE: Princess_Default_Party.xnb
01:21  INFO: Extracting files from TownNPCs/
01:21 TRACE: Santa_Default.xnb
01:21  INFO: Extracting files from TownNPCs/
01:21 TRACE: Santa_Default_Party.xnb
01:21  INFO: Extracting files from TownNPCs/
01:21 TRACE: Shimmered
01:21  INFO: Extracting files from TownNPCs\Shimmered/
01:21 TRACE: Angler_Default.xnb
01:21  INFO: Extracting files from TownNPCs\Shimmered/
01:21 TRACE: ArmsDealer_Default.xnb
01:21  INFO: Extracting files from TownNPCs\Shimmered/
01:21 TRACE: BestiaryGirl_Default.xnb
01:21  INFO: Extracting files from TownNPCs\Shimmered/
01:21 TRACE: BestiaryGirl_Default_Transformed.xnb
01:21  INFO: Extracting files from TownNPCs\Shimmered/
01:21 TRACE: Clothier_Default.xnb
01:21  INFO: Extracting files from TownNPCs\Shimmered/
01:21 TRACE: Cyborg_Default.xnb
01:21  INFO: Extracting files from TownNPCs\Shimmered/
01:21 TRACE: Cyborg_Default_Party.xnb
01:21  INFO: Extracting files from TownNPCs\Shimmered/
01:21 TRACE: Demolitionist_Default.xnb
01:21  INFO: Extracting files from TownNPCs\Shimmered/
01:21 TRACE: Demolitionist_Default_Party.xnb
01:21  INFO: Extracting files from TownNPCs\Shimmered/
01:21 TRACE: Dryad_Default.xnb
01:21  INFO: Extracting files from TownNPCs\Shimmered/
01:21 TRACE: DyeTrader_Default.xnb
01:21  INFO: Extracting files from TownNPCs\Shimmered/
01:21 TRACE: DyeTrader_Default_Party.xnb
01:21  INFO: Extracting files from TownNPCs\Shimmered/
01:21 TRACE: GoblinTinkerer_Default.xnb
01:21  INFO: Extracting files from TownNPCs\Shimmered/
01:21 TRACE: Golfer_Default.xnb
01:21  INFO: Extracting files from TownNPCs\Shimmered/
01:21 TRACE: Guide_Default.xnb
01:21  INFO: Extracting files from TownNPCs\Shimmered/
01:21 TRACE: Mechanic_Default.xnb
01:21  INFO: Extracting files from TownNPCs\Shimmered/
01:21 TRACE: Mechanic_Default_Party.xnb
01:21  INFO: Extracting files from TownNPCs\Shimmered/
01:21 TRACE: Merchant_Default.xnb
01:21  INFO: Extracting files from TownNPCs\Shimmered/
01:21 TRACE: Merchant_Default_Party.xnb
01:21  INFO: Extracting files from TownNPCs\Shimmered/
01:21 TRACE: Nurse_Default.xnb
01:21  INFO: Extracting files from TownNPCs\Shimmered/
01:21 TRACE: Nurse_Default_Party.xnb
01:21  INFO: Extracting files from TownNPCs\Shimmered/
01:21 TRACE: OldMan_Default.xnb
01:21  INFO: Extracting files from TownNPCs\Shimmered/
01:21 TRACE: Painter_Default.xnb
01:21  INFO: Extracting files from TownNPCs\Shimmered/
01:21 TRACE: PartyGirl_Default.xnb
01:21  INFO: Extracting files from TownNPCs\Shimmered/
01:21 TRACE: Pirate_Default.xnb
01:21  INFO: Extracting files from TownNPCs\Shimmered/
01:21 TRACE: Pirate_Default_Party.xnb
01:21  INFO: Extracting files from TownNPCs\Shimmered/
01:21 TRACE: Princess_Default.xnb
01:22  INFO: Extracting files from TownNPCs\Shimmered/
01:22 TRACE: Princess_Default_Party.xnb
01:22  INFO: Extracting files from TownNPCs\Shimmered/
01:22 TRACE: Santa_Default.xnb
01:22  INFO: Extracting files from TownNPCs\Shimmered/
01:22 TRACE: Santa_Default_Party.xnb
01:22  INFO: Extracting files from TownNPCs\Shimmered/
01:22 TRACE: SkeletonMerchant_Default.xnb
01:22  INFO: Extracting files from TownNPCs\Shimmered/
01:22 TRACE: SkeletonMerchant_Default_Party.xnb
01:22  INFO: Extracting files from TownNPCs\Shimmered/
01:22 TRACE: Steampunker_Default.xnb
01:22  INFO: Extracting files from TownNPCs\Shimmered/
01:22 TRACE: Stylist_Default.xnb
01:22  INFO: Extracting files from TownNPCs\Shimmered/
01:22 TRACE: Stylist_Default_Party.xnb
01:22  INFO: Extracting files from TownNPCs\Shimmered/
01:22 TRACE: Tavernkeep_Default.xnb
01:22  INFO: Extracting files from TownNPCs\Shimmered/
01:22 TRACE: TaxCollector_Default.xnb
01:22  INFO: Extracting files from TownNPCs\Shimmered/
01:22 TRACE: TaxCollector_Default_Party.xnb
01:22  INFO: Extracting files from TownNPCs\Shimmered/
01:22 TRACE: TravelingMerchant_Default.xnb
01:22  INFO: Extracting files from TownNPCs\Shimmered/
01:22 TRACE: TravelingMerchant_Default_Party.xnb
01:22  INFO: Extracting files from TownNPCs\Shimmered/
01:22 TRACE: Truffle_Default.xnb
01:22  INFO: Extracting files from TownNPCs\Shimmered/
01:22 TRACE: WitchDoctor_Default.xnb
01:22  INFO: Extracting files from TownNPCs\Shimmered/
01:22 TRACE: Wizard_Default.xnb
01:22  INFO: Extracting files from TownNPCs\Shimmered/
01:22 TRACE: Wizard_Default_Party.xnb
01:22  INFO: Extracting files from TownNPCs/
01:22 TRACE: SkeletonMerchant_Default.xnb
01:22  INFO: Extracting files from TownNPCs/
01:22 TRACE: SkeletonMerchant_Default_Party.xnb
01:22  INFO: Extracting files from TownNPCs/
01:22 TRACE: SlimeBlue_Default.xnb
01:22  INFO: Extracting files from TownNPCs/
01:22 TRACE: SlimeCopper_Default.xnb
01:22  INFO: Extracting files from TownNPCs/
01:22 TRACE: SlimeCopper_Default_Party.xnb
01:22  INFO: Extracting files from TownNPCs/
01:22 TRACE: SlimeGreen_Default.xnb
01:22  INFO: Extracting files from TownNPCs/
01:22 TRACE: SlimeGreen_Default_Party.xnb
01:22  INFO: Extracting files from TownNPCs/
01:22 TRACE: SlimeOld_Default.xnb
01:22  INFO: Extracting files from TownNPCs/
01:22 TRACE: SlimeOld_Default_Party.xnb
01:22  INFO: Extracting files from TownNPCs/
01:22 TRACE: SlimePurple_Default.xnb
01:22  INFO: Extracting files from TownNPCs/
01:22 TRACE: SlimePurple_Default_Party.xnb
01:22  INFO: Extracting files from TownNPCs/
01:22 TRACE: SlimeRainbow_Default.xnb
01:22  INFO: Extracting files from TownNPCs/
01:22 TRACE: SlimeRainbow_Default_Party.xnb
01:22  INFO: Extracting files from TownNPCs/
01:22 TRACE: SlimeRed_Default.xnb
01:22  INFO: Extracting files from TownNPCs/
01:22 TRACE: SlimeRed_Default_Party.xnb
01:22  INFO: Extracting files from TownNPCs/
01:22 TRACE: SlimeYellow_Default.xnb
01:22  INFO: Extracting files from TownNPCs/
01:22 TRACE: SlimeYellow_Default_Party.xnb
01:22  INFO: Extracting files from TownNPCs/
01:22 TRACE: Steampunker_Default.xnb
01:22  INFO: Extracting files from TownNPCs/
01:22 TRACE: Steampunker_Default_Party.xnb
01:22  INFO: Extracting files from TownNPCs/
01:22 TRACE: Stylist_Default.xnb
01:22  INFO: Extracting files from TownNPCs/
01:22 TRACE: Stylist_Default_Party.xnb
01:22  INFO: Extracting files from TownNPCs/
01:22 TRACE: Tavernkeep_Default.xnb
01:22  INFO: Extracting files from TownNPCs/
01:22 TRACE: TaxCollector_Default.xnb
01:22  INFO: Extracting files from TownNPCs/
01:22 TRACE: TaxCollector_Default_Party.xnb
01:22  INFO: Extracting files from TownNPCs/
01:22 TRACE: TravelingMerchant_Default.xnb
01:22  INFO: Extracting files from TownNPCs/
01:22 TRACE: TravelingMerchant_Default_Party.xnb
01:22  INFO: Extracting files from TownNPCs/
01:22 TRACE: Truffle_Default.xnb
01:22  INFO: Extracting files from TownNPCs/
01:22 TRACE: WitchDoctor_Default.xnb
01:22  INFO: Extracting files from TownNPCs/
01:22 TRACE: Wizard_Default.xnb
01:22  INFO: Extracting files from TownNPCs/
01:22 TRACE: Wizard_Default_Party.xnb
01:22  INFO: Extracting files from UI/
01:22 TRACE: Achievements.xnb
01:22  INFO: Extracting files from UI/
01:22 TRACE: Achievement_Borders.xnb
01:22  INFO: Extracting files from UI/
01:22 TRACE: Achievement_Borders_MouseHover.xnb
01:22  INFO: Extracting files from UI/
01:22 TRACE: Achievement_Borders_MouseHoverThin.xnb
01:22  INFO: Extracting files from UI/
01:22 TRACE: Achievement_Categories.xnb
01:22  INFO: Extracting files from UI/
01:22 TRACE: Achievement_InnerPanelBottom.xnb
01:22  INFO: Extracting files from UI/
01:22 TRACE: Achievement_InnerPanelBottom_Large.xnb
01:22  INFO: Extracting files from UI/
01:22 TRACE: Achievement_InnerPanelTop.xnb
01:22  INFO: Extracting files from UI/
01:22 TRACE: Banner_Toggle_0.xnb
01:22  INFO: Extracting files from UI/
01:22 TRACE: Banner_Toggle_1.xnb
01:22  INFO: Extracting files from UI/
01:22 TRACE: Banner_Toggle_2.xnb
01:22  INFO: Extracting files from UI/
01:22 TRACE: Banner_Toggle_3.xnb
01:22  INFO: Extracting files from UI/
01:22 TRACE: Bestiary
01:22  INFO: Extracting files from UI\Bestiary/
01:22 TRACE: Biome_Hallow.xnb
01:22  INFO: Extracting files from UI\Bestiary/
01:22 TRACE: Button_Back.xnb
01:22  INFO: Extracting files from UI\Bestiary/
01:22 TRACE: Button_Border.xnb
01:22  INFO: Extracting files from UI\Bestiary/
01:22 TRACE: Button_Filtering.xnb
01:22  INFO: Extracting files from UI\Bestiary/
01:22 TRACE: Button_Forward.xnb
01:22  INFO: Extracting files from UI\Bestiary/
01:22 TRACE: Button_Search.xnb
01:22  INFO: Extracting files from UI\Bestiary/
01:22 TRACE: Button_Search_2.xnb
01:22  INFO: Extracting files from UI\Bestiary/
01:22 TRACE: Button_Search_Border.xnb
01:22  INFO: Extracting files from UI\Bestiary/
01:22 TRACE: Button_Sorting.xnb
01:22  INFO: Extracting files from UI\Bestiary/
01:22 TRACE: Button_Wide_Border.xnb
01:22  INFO: Extracting files from UI\Bestiary/
01:22 TRACE: Icon_Locked.xnb
01:22  INFO: Extracting files from UI\Bestiary/
01:22 TRACE: Icon_Rank_Dim.xnb
01:22  INFO: Extracting files from UI\Bestiary/
01:22 TRACE: Icon_Rank_Light.xnb
01:22  INFO: Extracting files from UI\Bestiary/
01:22 TRACE: Icon_Tags_Shadow.xnb
01:22  INFO: Extracting files from UI\Bestiary/
01:22 TRACE: NPCs
01:22  INFO: Extracting files from UI\Bestiary\NPCs/
01:22 TRACE: NPC_10.xnb
01:22  INFO: Extracting files from UI\Bestiary\NPCs/
01:22 TRACE: NPC_113.xnb
01:22  INFO: Extracting files from UI\Bestiary\NPCs/
01:22 TRACE: NPC_115.xnb
01:22  INFO: Extracting files from UI\Bestiary\NPCs/
01:22 TRACE: NPC_117.xnb
01:22  INFO: Extracting files from UI\Bestiary\NPCs/
01:22 TRACE: NPC_127.xnb
01:22  INFO: Extracting files from UI\Bestiary\NPCs/
01:22 TRACE: NPC_13.xnb
01:22  INFO: Extracting files from UI\Bestiary\NPCs/
01:22 TRACE: NPC_134.xnb
01:22  INFO: Extracting files from UI\Bestiary\NPCs/
01:22 TRACE: NPC_245.xnb
01:22  INFO: Extracting files from UI\Bestiary\NPCs/
01:22 TRACE: NPC_259.xnb
01:22  INFO: Extracting files from UI\Bestiary\NPCs/
01:22 TRACE: NPC_260.xnb
01:22  INFO: Extracting files from UI\Bestiary\NPCs/
01:22 TRACE: NPC_39.xnb
01:22  INFO: Extracting files from UI\Bestiary\NPCs/
01:22 TRACE: NPC_395.xnb
01:22  INFO: Extracting files from UI\Bestiary\NPCs/
01:22 TRACE: NPC_398.xnb
01:22  INFO: Extracting files from UI\Bestiary\NPCs/
01:22 TRACE: NPC_402.xnb
01:22  INFO: Extracting files from UI\Bestiary\NPCs/
01:22 TRACE: NPC_412.xnb
01:22  INFO: Extracting files from UI\Bestiary\NPCs/
01:22 TRACE: NPC_454.xnb
01:22  INFO: Extracting files from UI\Bestiary\NPCs/
01:22 TRACE: NPC_491.xnb
01:22  INFO: Extracting files from UI\Bestiary\NPCs/
01:22 TRACE: NPC_510.xnb
01:22  INFO: Extracting files from UI\Bestiary\NPCs/
01:22 TRACE: NPC_513.xnb
01:22  INFO: Extracting files from UI\Bestiary\NPCs/
01:22 TRACE: NPC_594.xnb
01:22  INFO: Extracting files from UI\Bestiary\NPCs/
01:22 TRACE: NPC_621.xnb
01:22  INFO: Extracting files from UI\Bestiary\NPCs/
01:22 TRACE: NPC_7.xnb
01:22  INFO: Extracting files from UI\Bestiary\NPCs/
01:22 TRACE: NPC_87.xnb
01:22  INFO: Extracting files from UI\Bestiary\NPCs/
01:22 TRACE: NPC_95.xnb
01:22  INFO: Extracting files from UI\Bestiary\NPCs/
01:22 TRACE: NPC_98.xnb
01:22  INFO: Extracting files from UI\Bestiary\NPCs/
01:22 TRACE: Test.xnb
01:22  INFO: Extracting files from UI\Bestiary/
01:22 TRACE: Portrait_Front.xnb
01:22  INFO: Extracting files from UI\Bestiary/
01:22 TRACE: Slot_Back.xnb
01:22  INFO: Extracting files from UI\Bestiary/
01:22 TRACE: Slot_Front.xnb
01:22  INFO: Extracting files from UI\Bestiary/
01:22 TRACE: Slot_Overlay.xnb
01:22  INFO: Extracting files from UI\Bestiary/
01:22 TRACE: Slot_Selection.xnb
01:22  INFO: Extracting files from UI\Bestiary/
01:22 TRACE: Stat_Attack.xnb
01:22  INFO: Extracting files from UI\Bestiary/
01:22 TRACE: Stat_Copper.xnb
01:22  INFO: Extracting files from UI\Bestiary/
01:22 TRACE: Stat_Defense.xnb
01:22  INFO: Extracting files from UI\Bestiary/
01:22 TRACE: Stat_Gold.xnb
01:22  INFO: Extracting files from UI\Bestiary/
01:22 TRACE: Stat_HP.xnb
01:22  INFO: Extracting files from UI\Bestiary/
01:22 TRACE: Stat_Knockback.xnb
01:22  INFO: Extracting files from UI\Bestiary/
01:22 TRACE: Stat_Panel.xnb
01:22  INFO: Extracting files from UI\Bestiary/
01:22 TRACE: Stat_Platinum.xnb
01:22  INFO: Extracting files from UI\Bestiary/
01:22 TRACE: Stat_Silver.xnb
01:22  INFO: Extracting files from UI/
01:22 TRACE: Bestiary.xnb
01:22  INFO: Extracting files from UI/
01:22 TRACE: BlockReplace_0.xnb
01:22  INFO: Extracting files from UI/
01:22 TRACE: BlockReplace_1.xnb
01:22  INFO: Extracting files from UI/
01:22 TRACE: BuilderIcons.xnb
01:22  INFO: Extracting files from UI/
01:22 TRACE: ButtonBacking.xnb
01:22  INFO: Extracting files from UI/
01:22 TRACE: ButtonCloudActive.xnb
01:22  INFO: Extracting files from UI/
01:22 TRACE: ButtonCloudInactive.xnb
01:22  INFO: Extracting files from UI/
01:22 TRACE: ButtonDelete.xnb
01:22  INFO: Extracting files from UI/
01:22 TRACE: ButtonFavoriteActive.xnb
01:22  INFO: Extracting files from UI/
01:22 TRACE: ButtonFavoriteInactive.xnb
01:22  INFO: Extracting files from UI/
01:22 TRACE: ButtonPlay.xnb
01:22  INFO: Extracting files from UI/
01:22 TRACE: ButtonRename.xnb
01:22  INFO: Extracting files from UI/
01:22 TRACE: ButtonSeed.xnb
01:22  INFO: Extracting files from UI/
01:22 TRACE: Camera_0.xnb
01:22  INFO: Extracting files from UI/
01:22 TRACE: Camera_1.xnb
01:22  INFO: Extracting files from UI/
01:22 TRACE: Camera_2.xnb
01:22  INFO: Extracting files from UI/
01:22 TRACE: Camera_3.xnb
01:22  INFO: Extracting files from UI/
01:22 TRACE: Camera_4.xnb
01:22  INFO: Extracting files from UI/
01:22 TRACE: Camera_5.xnb
01:22  INFO: Extracting files from UI/
01:22 TRACE: Camera_6.xnb
01:22  INFO: Extracting files from UI/
01:22 TRACE: Camera_7.xnb
01:22  INFO: Extracting files from UI/
01:22 TRACE: CharCreation
01:22  INFO: Extracting files from UI\CharCreation/
01:22 TRACE: CategoryPanel.xnb
01:22  INFO: Extracting files from UI\CharCreation/
01:22 TRACE: CategoryPanelBorder.xnb
01:22  INFO: Extracting files from UI\CharCreation/
01:22 TRACE: CategoryPanelHighlight.xnb
01:22  INFO: Extracting files from UI\CharCreation/
01:22 TRACE: CharInfo.xnb
01:22  INFO: Extracting files from UI\CharCreation/
01:22 TRACE: ClothStyleFemale.xnb
01:22  INFO: Extracting files from UI\CharCreation/
01:22 TRACE: ClothStyleMale.xnb
01:22  INFO: Extracting files from UI\CharCreation/
01:22 TRACE: ColorCharacter.xnb
01:22  INFO: Extracting files from UI\CharCreation/
01:22 TRACE: ColorEye.xnb
01:22  INFO: Extracting files from UI\CharCreation/
01:22 TRACE: ColorEyeBack.xnb
01:22  INFO: Extracting files from UI\CharCreation/
01:22 TRACE: ColorHair.xnb
01:22  INFO: Extracting files from UI\CharCreation/
01:22 TRACE: ColorPants.xnb
01:22  INFO: Extracting files from UI\CharCreation/
01:22 TRACE: ColorShirt.xnb
01:22  INFO: Extracting files from UI\CharCreation/
01:22 TRACE: ColorShoes.xnb
01:22  INFO: Extracting files from UI\CharCreation/
01:22 TRACE: ColorSkin.xnb
01:22  INFO: Extracting files from UI\CharCreation/
01:22 TRACE: ColorUndershirt.xnb
01:22  INFO: Extracting files from UI\CharCreation/
01:22 TRACE: Copy.xnb
01:22  INFO: Extracting files from UI\CharCreation/
01:22 TRACE: HairStyle_Arrow.xnb
01:22  INFO: Extracting files from UI\CharCreation/
01:23 TRACE: HairStyle_Hair.xnb
01:23  INFO: Extracting files from UI\CharCreation/
01:23 TRACE: PanelGrayscale.xnb
01:23  INFO: Extracting files from UI\CharCreation/
01:23 TRACE: Paste.xnb
01:23  INFO: Extracting files from UI\CharCreation/
01:23 TRACE: Randomize.xnb
01:23  INFO: Extracting files from UI\CharCreation/
01:23 TRACE: Separator1.xnb
01:23  INFO: Extracting files from UI\CharCreation/
01:23 TRACE: Separator2.xnb
01:23  INFO: Extracting files from UI\CharCreation/
01:23 TRACE: SmallPanel.xnb
01:23  INFO: Extracting files from UI\CharCreation/
01:23 TRACE: SmallPanelBorder.xnb
01:23  INFO: Extracting files from UI\CharCreation/
01:23 TRACE: Voice.xnb
01:23  INFO: Extracting files from UI/
01:23 TRACE: ChestCraft_0.xnb
01:23  INFO: Extracting files from UI/
01:23 TRACE: ChestCraft_1.xnb
01:23  INFO: Extracting files from UI/
01:23 TRACE: ChestCraft_2.xnb
01:23  INFO: Extracting files from UI/
01:23 TRACE: ChestCraft_3.xnb
01:23  INFO: Extracting files from UI/
01:23 TRACE: ChestStack_0.xnb
01:23  INFO: Extracting files from UI/
01:23 TRACE: ChestStack_1.xnb
01:23  INFO: Extracting files from UI/
01:23 TRACE: ChestStack_2.xnb
01:23  INFO: Extracting files from UI/
01:23 TRACE: ChestStack_3.xnb
01:23  INFO: Extracting files from UI/
01:23 TRACE: Craft.xnb
01:23  INFO: Extracting files from UI/
01:23 TRACE: Craft_Toggle_0.xnb
01:23  INFO: Extracting files from UI/
01:23 TRACE: Craft_Toggle_1.xnb
01:23  INFO: Extracting files from UI/
01:23 TRACE: Craft_Toggle_2.xnb
01:23  INFO: Extracting files from UI/
01:23 TRACE: Craft_Toggle_3.xnb
01:23  INFO: Extracting files from UI/
01:23 TRACE: Creative
01:23  INFO: Extracting files from UI\Creative/
01:23 TRACE: Infinite_Icons.xnb
01:23  INFO: Extracting files from UI\Creative/
01:23 TRACE: Infinite_Powers.xnb
01:23  INFO: Extracting files from UI\Creative/
01:23 TRACE: Infinite_Tabs_A.xnb
01:23  INFO: Extracting files from UI\Creative/
01:23 TRACE: Infinite_Tabs_B.xnb
01:23  INFO: Extracting files from UI\Creative/
01:23 TRACE: Infinite_Tabs_B_2.xnb
01:23  INFO: Extracting files from UI\Creative/
01:23 TRACE: Journey_Toggle.xnb
01:23  INFO: Extracting files from UI\Creative/
01:23 TRACE: Journey_Toggle_MouseOver.xnb
01:23  INFO: Extracting files from UI\Creative/
01:23 TRACE: Research_FramedPistons.xnb
01:23  INFO: Extracting files from UI\Creative/
01:23 TRACE: Research_GearA.xnb
01:23  INFO: Extracting files from UI\Creative/
01:23 TRACE: Research_GearB.xnb
01:23  INFO: Extracting files from UI\Creative/
01:23 TRACE: Research_GearC.xnb
01:23  INFO: Extracting files from UI\Creative/
01:23 TRACE: Research_Slots.xnb
01:23  INFO: Extracting files from UI\Creative/
01:23 TRACE: Research_Spark.xnb
01:23  INFO: Extracting files from UI/
01:23 TRACE: Cursor_0.xnb
01:23  INFO: Extracting files from UI/
01:23 TRACE: Cursor_1.xnb
01:23  INFO: Extracting files from UI/
01:23 TRACE: Cursor_10.xnb
01:23  INFO: Extracting files from UI/
01:23 TRACE: Cursor_11.xnb
01:23  INFO: Extracting files from UI/
01:23 TRACE: Cursor_12.xnb
01:23  INFO: Extracting files from UI/
01:23 TRACE: Cursor_13.xnb
01:23  INFO: Extracting files from UI/
01:23 TRACE: Cursor_14.xnb
01:23  INFO: Extracting files from UI/
01:23 TRACE: Cursor_15.xnb
01:23  INFO: Extracting files from UI/
01:23 TRACE: Cursor_16.xnb
01:23  INFO: Extracting files from UI/
01:23 TRACE: Cursor_17.xnb
01:23  INFO: Extracting files from UI/
01:23 TRACE: Cursor_2.xnb
01:23  INFO: Extracting files from UI/
01:23 TRACE: Cursor_3.xnb
01:23  INFO: Extracting files from UI/
01:23 TRACE: Cursor_4.xnb
01:23  INFO: Extracting files from UI/
01:23 TRACE: Cursor_5.xnb
01:23  INFO: Extracting files from UI/
01:23 TRACE: Cursor_6.xnb
01:23  INFO: Extracting files from UI/
01:23 TRACE: Cursor_7.xnb
01:23  INFO: Extracting files from UI/
01:23 TRACE: Cursor_8.xnb
01:23  INFO: Extracting files from UI/
01:23 TRACE: Cursor_9.xnb
01:23  INFO: Extracting files from UI/
01:23 TRACE: DefaultResourcePackIcon.xnb
01:23  INFO: Extracting files from UI/
01:23 TRACE: DisplaySlots_0.xnb
01:23  INFO: Extracting files from UI/
01:23 TRACE: DisplaySlots_1.xnb
01:23  INFO: Extracting files from UI/
01:23 TRACE: DisplaySlots_10.xnb
01:23  INFO: Extracting files from UI/
01:23 TRACE: DisplaySlots_2.xnb
01:23  INFO: Extracting files from UI/
01:23 TRACE: DisplaySlots_3.xnb
01:23  INFO: Extracting files from UI/
01:23 TRACE: DisplaySlots_4.xnb
01:23  INFO: Extracting files from UI/
01:23 TRACE: DisplaySlots_5.xnb
01:23  INFO: Extracting files from UI/
01:23 TRACE: DisplaySlots_6.xnb
01:23  INFO: Extracting files from UI/
01:23 TRACE: DisplaySlots_7.xnb
01:23  INFO: Extracting files from UI/
01:23 TRACE: DisplaySlots_8.xnb
01:23  INFO: Extracting files from UI/
01:23 TRACE: DisplaySlots_9.xnb
01:23  INFO: Extracting files from UI/
01:23 TRACE: Divider.xnb
01:23  INFO: Extracting files from UI/
01:23 TRACE: EmoteBubbleBorder.xnb
01:23  INFO: Extracting files from UI/
01:23 TRACE: Emotes.xnb
01:23  INFO: Extracting files from UI/
01:23 TRACE: Glyphs_0.xnb
01:23  INFO: Extracting files from UI/
01:23 TRACE: GolfBall_Arrow.xnb
01:23  INFO: Extracting files from UI/
01:23 TRACE: GolfBall_Arrow_Shadow.xnb
01:23  INFO: Extracting files from UI/
01:23 TRACE: GolfBall_Map.xnb
01:23  INFO: Extracting files from UI/
01:23 TRACE: GolfSwingBarFill.xnb
01:23  INFO: Extracting files from UI/
01:23 TRACE: GolfSwingBarPanel.xnb
01:23  INFO: Extracting files from UI/
01:23 TRACE: HotbarRadial_0.xnb
01:23  INFO: Extracting files from UI/
01:23 TRACE: HotbarRadial_1.xnb
01:23  INFO: Extracting files from UI/
01:23 TRACE: HotbarRadial_2.xnb
01:23  INFO: Extracting files from UI/
01:23 TRACE: House_Banner.xnb
01:23  INFO: Extracting files from UI/
01:23 TRACE: IconCompletion.xnb
01:23  INFO: Extracting files from UI/
01:23 TRACE: IconCorruption.xnb
01:23  INFO: Extracting files from UI/
01:23 TRACE: IconCorruptionAnniversary.xnb
01:23  INFO: Extracting files from UI/
01:23 TRACE: IconCorruptionCrimson.xnb
01:23  INFO: Extracting files from UI/
01:23 TRACE: IconCorruptionDontStarve.xnb
01:23  INFO: Extracting files from UI/
01:23 TRACE: IconCorruptionFTW.xnb
01:23  INFO: Extracting files from UI/
01:23 TRACE: IconCorruptionNotTheBees.xnb
01:23  INFO: Extracting files from UI/
01:23 TRACE: IconCorruptionRemix.xnb
01:23  INFO: Extracting files from UI/
01:23 TRACE: IconCorruptionTraps.xnb
01:23  INFO: Extracting files from UI/
01:23 TRACE: IconCrimson.xnb
01:23  INFO: Extracting files from UI/
01:23 TRACE: IconCrimsonAnniversary.xnb
01:23  INFO: Extracting files from UI/
01:23 TRACE: IconCrimsonDontStarve.xnb
01:23  INFO: Extracting files from UI/
01:23 TRACE: IconCrimsonFTW.xnb
01:23  INFO: Extracting files from UI/
01:23 TRACE: IconCrimsonNotTheBees.xnb
01:23  INFO: Extracting files from UI/
01:23 TRACE: IconCrimsonRemix.xnb
01:23  INFO: Extracting files from UI/
01:23 TRACE: IconCrimsonTraps.xnb
01:23  INFO: Extracting files from UI/
01:23 TRACE: IconEverything.xnb
01:23  INFO: Extracting files from UI/
01:23 TRACE: IconEverythingAnimated.xnb
01:23  INFO: Extracting files from UI/
01:23 TRACE: IconHallowCorruption.xnb
01:23  INFO: Extracting files from UI/
01:23 TRACE: IconHallowCorruptionAnniversary.xnb
01:23  INFO: Extracting files from UI/
01:23 TRACE: IconHallowCorruptionCrimson.xnb
01:23  INFO: Extracting files from UI/
01:23 TRACE: IconHallowCorruptionDontStarve.xnb
01:23  INFO: Extracting files from UI/
01:23 TRACE: IconHallowCorruptionFTW.xnb
01:23  INFO: Extracting files from UI/
01:23 TRACE: IconHallowCorruptionNotTheBees.xnb
01:23  INFO: Extracting files from UI/
01:23 TRACE: IconHallowCorruptionRemix.xnb
01:23  INFO: Extracting files from UI/
01:23 TRACE: IconHallowCorruptionTraps.xnb
01:23  INFO: Extracting files from UI/
01:23 TRACE: IconHallowCrimson.xnb
01:23  INFO: Extracting files from UI/
01:23 TRACE: IconHallowCrimsonAnniversary.xnb
01:23  INFO: Extracting files from UI/
01:23 TRACE: IconHallowCrimsonDontStarve.xnb
01:23  INFO: Extracting files from UI/
01:23 TRACE: IconHallowCrimsonFTW.xnb
01:23  INFO: Extracting files from UI/
01:23 TRACE: IconHallowCrimsonNotTheBees.xnb
01:23  INFO: Extracting files from UI/
01:23 TRACE: IconHallowCrimsonRemix.xnb
01:23  INFO: Extracting files from UI/
01:23 TRACE: IconHallowCrimsonTraps.xnb
01:23  INFO: Extracting files from UI/
01:23 TRACE: IconHallowEverything.xnb
01:23  INFO: Extracting files from UI/
01:23 TRACE: IconMismatchPause.xnb
01:23  INFO: Extracting files from UI/
01:23 TRACE: IconMixedSeed.xnb
01:23  INFO: Extracting files from UI/
01:23 TRACE: IconNewlyGenerated.xnb
01:23  INFO: Extracting files from UI/
01:23 TRACE: IconNext.xnb
01:23  INFO: Extracting files from UI/
01:23 TRACE: IconPlayedBefore.xnb
01:23  INFO: Extracting files from UI/
01:23 TRACE: IconPlayPause.xnb
01:23  INFO: Extracting files from UI/
01:23 TRACE: IconPrev.xnb
01:23  INFO: Extracting files from UI/
01:23 TRACE: IconQuickload.xnb
01:23  INFO: Extracting files from UI/
01:23 TRACE: IconReset.xnb
01:23  INFO: Extracting files from UI/
01:23 TRACE: IconSkyblock.xnb
01:23  INFO: Extracting files from UI/
01:23 TRACE: IconSnapshot.xnb
01:23  INFO: Extracting files from UI/
01:23 TRACE: IconSnapshotFrequency.xnb
01:23  INFO: Extracting files from UI/
01:23 TRACE: InfoIcon_0.xnb
01:23  INFO: Extracting files from UI/
01:23 TRACE: InfoIcon_1.xnb
01:23  INFO: Extracting files from UI/
01:23 TRACE: InfoIcon_10.xnb
01:23  INFO: Extracting files from UI/
01:23 TRACE: InfoIcon_11.xnb
01:23  INFO: Extracting files from UI/
01:23 TRACE: InfoIcon_12.xnb
01:23  INFO: Extracting files from UI/
01:23 TRACE: InfoIcon_13.xnb
01:23  INFO: Extracting files from UI/
01:23 TRACE: InfoIcon_2.xnb
01:23  INFO: Extracting files from UI/
01:23 TRACE: InfoIcon_3.xnb
01:23  INFO: Extracting files from UI/
01:23 TRACE: InfoIcon_4.xnb
01:23  INFO: Extracting files from UI/
01:23 TRACE: InfoIcon_5.xnb
01:23  INFO: Extracting files from UI/
01:23 TRACE: InfoIcon_6.xnb
01:23  INFO: Extracting files from UI/
01:23 TRACE: InfoIcon_7.xnb
01:23  INFO: Extracting files from UI/
01:23 TRACE: InfoIcon_8.xnb
01:23  INFO: Extracting files from UI/
01:23 TRACE: InfoIcon_9.xnb
01:23  INFO: Extracting files from UI/
01:23 TRACE: InnerPanelBackground.xnb
01:23  INFO: Extracting files from UI/
01:23 TRACE: LockOn_Cursor.xnb
01:23  INFO: Extracting files from UI/
01:23 TRACE: MapPing.xnb
01:23  INFO: Extracting files from UI/
01:23 TRACE: Minimap
01:23  INFO: Extracting files from UI\Minimap/
01:23 TRACE: Default
01:23  INFO: Extracting files from UI\Minimap\Default/
01:23 TRACE: MinimapButton_Reset.xnb
01:23  INFO: Extracting files from UI\Minimap\Default/
01:23 TRACE: MinimapButton_ZoomIn.xnb
01:23  INFO: Extracting files from UI\Minimap\Default/
01:23 TRACE: MinimapButton_ZoomOut.xnb
01:23  INFO: Extracting files from UI\Minimap\Default/
01:23 TRACE: MinimapFrame.xnb
01:23  INFO: Extracting files from UI\Minimap/
01:23 TRACE: Golden
01:23  INFO: Extracting files from UI\Minimap\Golden/
01:23 TRACE: MinimapButton_Reset.xnb
01:23  INFO: Extracting files from UI\Minimap\Golden/
01:23 TRACE: MinimapButton_ZoomIn.xnb
01:23  INFO: Extracting files from UI\Minimap\Golden/
01:23 TRACE: MinimapButton_ZoomOut.xnb
01:23  INFO: Extracting files from UI\Minimap\Golden/
01:23 TRACE: MinimapFrame.xnb
01:23  INFO: Extracting files from UI\Minimap/
01:23 TRACE: Leaf
01:23  INFO: Extracting files from UI\Minimap\Leaf/
01:23 TRACE: MinimapButton_Reset.xnb
01:23  INFO: Extracting files from UI\Minimap\Leaf/
01:23 TRACE: MinimapButton_ZoomIn.xnb
01:23  INFO: Extracting files from UI\Minimap\Leaf/
01:23 TRACE: MinimapButton_ZoomOut.xnb
01:23  INFO: Extracting files from UI\Minimap\Leaf/
01:23 TRACE: MinimapFrame.xnb
01:23  INFO: Extracting files from UI\Minimap/
01:23 TRACE: Remix
01:23  INFO: Extracting files from UI\Minimap\Remix/
01:23 TRACE: MinimapButton_Reset.xnb
01:23  INFO: Extracting files from UI\Minimap\Remix/
01:23 TRACE: MinimapButton_ZoomIn.xnb
01:23  INFO: Extracting files from UI\Minimap\Remix/
01:23 TRACE: MinimapButton_ZoomOut.xnb
01:23  INFO: Extracting files from UI\Minimap\Remix/
01:23 TRACE: MinimapFrame.xnb
01:23  INFO: Extracting files from UI\Minimap/
01:23 TRACE: Retro
01:23  INFO: Extracting files from UI\Minimap\Retro/
01:23 TRACE: MinimapButton_Reset.xnb
01:23  INFO: Extracting files from UI\Minimap\Retro/
01:23 TRACE: MinimapButton_ZoomIn.xnb
01:23  INFO: Extracting files from UI\Minimap\Retro/
01:23 TRACE: MinimapButton_ZoomOut.xnb
01:23  INFO: Extracting files from UI\Minimap\Retro/
01:23 TRACE: MinimapFrame.xnb
01:23  INFO: Extracting files from UI\Minimap/
01:23 TRACE: Sticks
01:23  INFO: Extracting files from UI\Minimap\Sticks/
01:23 TRACE: MinimapButton_Reset.xnb
01:23  INFO: Extracting files from UI\Minimap\Sticks/
01:23 TRACE: MinimapButton_ZoomIn.xnb
01:23  INFO: Extracting files from UI\Minimap\Sticks/
01:23 TRACE: MinimapButton_ZoomOut.xnb
01:23  INFO: Extracting files from UI\Minimap\Sticks/
01:23 TRACE: MinimapFrame.xnb
01:23  INFO: Extracting files from UI\Minimap/
01:23 TRACE: StoneGold
01:23  INFO: Extracting files from UI\Minimap\StoneGold/
01:23 TRACE: MinimapButton_Reset.xnb
01:23  INFO: Extracting files from UI\Minimap\StoneGold/
01:23 TRACE: MinimapButton_ZoomIn.xnb
01:23  INFO: Extracting files from UI\Minimap\StoneGold/
01:23 TRACE: MinimapButton_ZoomOut.xnb
01:23  INFO: Extracting files from UI\Minimap\StoneGold/
01:23 TRACE: MinimapFrame.xnb
01:23  INFO: Extracting files from UI\Minimap/
01:23 TRACE: TwigLeaf
01:23  INFO: Extracting files from UI\Minimap\TwigLeaf/
01:23 TRACE: MinimapButton_Reset.xnb
01:23  INFO: Extracting files from UI\Minimap\TwigLeaf/
01:23 TRACE: MinimapButton_ZoomIn.xnb
01:23  INFO: Extracting files from UI\Minimap\TwigLeaf/
01:23 TRACE: MinimapButton_ZoomOut.xnb
01:23  INFO: Extracting files from UI\Minimap\TwigLeaf/
01:23 TRACE: MinimapFrame.xnb
01:23  INFO: Extracting files from UI\Minimap/
01:23 TRACE: Valkyrie
01:23  INFO: Extracting files from UI\Minimap\Valkyrie/
01:23 TRACE: MinimapButton_Reset.xnb
01:23  INFO: Extracting files from UI\Minimap\Valkyrie/
01:23 TRACE: MinimapButton_ZoomIn.xnb
01:23  INFO: Extracting files from UI\Minimap\Valkyrie/
01:23 TRACE: MinimapButton_ZoomOut.xnb
01:23  INFO: Extracting files from UI\Minimap\Valkyrie/
01:23 TRACE: MinimapFrame.xnb
01:23  INFO: Extracting files from UI/
01:23 TRACE: NPCHappiness.xnb
01:23  INFO: Extracting files from UI/
01:23 TRACE: OnePixel.xnb
01:23  INFO: Extracting files from UI/
01:23 TRACE: PanelBackground.xnb
01:23  INFO: Extracting files from UI/
01:23 TRACE: PanelBorder.xnb
01:23  INFO: Extracting files from UI/
01:23 TRACE: PlayerBackground.xnb
01:23  INFO: Extracting files from UI/
01:23 TRACE: PlayerResourceSets
01:23  INFO: Extracting files from UI\PlayerResourceSets/
01:23 TRACE: FancyClassic
01:23  INFO: Extracting files from UI\PlayerResourceSets\FancyClassic/
01:23 TRACE: Heart_Fill.xnb
01:23  INFO: Extracting files from UI\PlayerResourceSets\FancyClassic/
01:23 TRACE: Heart_Fill_B.xnb
01:23  INFO: Extracting files from UI\PlayerResourceSets\FancyClassic/
01:23 TRACE: Heart_Left.xnb
01:23  INFO: Extracting files from UI\PlayerResourceSets\FancyClassic/
01:23 TRACE: Heart_Middle.xnb
01:23  INFO: Extracting files from UI\PlayerResourceSets\FancyClassic/
01:23 TRACE: Heart_Right.xnb
01:23  INFO: Extracting files from UI\PlayerResourceSets\FancyClassic/
01:23 TRACE: Heart_Right_Fancy.xnb
01:23  INFO: Extracting files from UI\PlayerResourceSets\FancyClassic/
01:23 TRACE: Heart_Single_Fancy.xnb
01:23  INFO: Extracting files from UI\PlayerResourceSets\FancyClassic/
01:23 TRACE: Star_A.xnb
01:23  INFO: Extracting files from UI\PlayerResourceSets\FancyClassic/
01:23 TRACE: Star_B.xnb
01:23  INFO: Extracting files from UI\PlayerResourceSets\FancyClassic/
01:23 TRACE: Star_C.xnb
01:23  INFO: Extracting files from UI\PlayerResourceSets\FancyClassic/
01:23 TRACE: Star_Fill.xnb
01:23  INFO: Extracting files from UI\PlayerResourceSets\FancyClassic/
01:23 TRACE: Star_Single.xnb
01:23  INFO: Extracting files from UI\PlayerResourceSets/
01:23 TRACE: HorizontalBars
01:23  INFO: Extracting files from UI\PlayerResourceSets\HorizontalBars/
01:23 TRACE: HP_Fill.xnb
01:23  INFO: Extracting files from UI\PlayerResourceSets\HorizontalBars/
01:23 TRACE: HP_Fill_Honey.xnb
01:23  INFO: Extracting files from UI\PlayerResourceSets\HorizontalBars/
01:23 TRACE: HP_Panel_Middle.xnb
01:23  INFO: Extracting files from UI\PlayerResourceSets\HorizontalBars/
01:23 TRACE: HP_Panel_Right.xnb
01:23  INFO: Extracting files from UI\PlayerResourceSets\HorizontalBars/
01:23 TRACE: MP_Fill.xnb
01:23  INFO: Extracting files from UI\PlayerResourceSets\HorizontalBars/
01:23 TRACE: MP_Panel_Middle.xnb
01:23  INFO: Extracting files from UI\PlayerResourceSets\HorizontalBars/
01:23 TRACE: MP_Panel_Right.xnb
01:23  INFO: Extracting files from UI\PlayerResourceSets\HorizontalBars/
01:23 TRACE: Panel_Left.xnb
01:23  INFO: Extracting files from UI/
01:23 TRACE: PVP_0.xnb
01:23  INFO: Extracting files from UI/
01:23 TRACE: PVP_1.xnb
01:23  INFO: Extracting files from UI/
01:23 TRACE: PVP_2.xnb
01:23  INFO: Extracting files from UI/
01:23 TRACE: Radial.xnb
01:23  INFO: Extracting files from UI/
01:23 TRACE: Reforge_0.xnb
01:23  INFO: Extracting files from UI/
01:23 TRACE: Reforge_1.xnb
01:23  INFO: Extracting files from UI/
01:23 TRACE: Scrollbar.xnb
01:23  INFO: Extracting files from UI/
01:23 TRACE: Scrollbar2.xnb
01:23  INFO: Extracting files from UI/
01:23 TRACE: ScrollbarInner.xnb
01:23  INFO: Extracting files from UI/
01:23 TRACE: SearchCancel.xnb
01:23  INFO: Extracting files from UI/
01:23 TRACE: Settings_Inputs.xnb
01:23  INFO: Extracting files from UI/
01:23 TRACE: Settings_Inputs_2.xnb
01:23  INFO: Extracting files from UI/
01:23 TRACE: Settings_Inputs_2_Border.xnb
01:23  INFO: Extracting files from UI/
01:23 TRACE: Settings_Inputs_Border.xnb
01:23  INFO: Extracting files from UI/
01:23 TRACE: Settings_Panel.xnb
01:23  INFO: Extracting files from UI/
01:23 TRACE: Settings_Panel_2.xnb
01:23  INFO: Extracting files from UI/
01:23 TRACE: Settings_Toggle.xnb
01:23  INFO: Extracting files from UI/
01:23 TRACE: Slider_Highlight.xnb
01:23  INFO: Extracting files from UI/
01:23 TRACE: SmartCursorArrow.xnb
01:23  INFO: Extracting files from UI/
01:23 TRACE: Sort_0.xnb
01:23  INFO: Extracting files from UI/
01:23 TRACE: Sort_1.xnb
01:23  INFO: Extracting files from UI/
01:23 TRACE: SpawnBed.xnb
01:23  INFO: Extracting files from UI/
01:23 TRACE: SpawnPoint.xnb
01:23  INFO: Extracting files from UI/
01:23 TRACE: Sunflower_Loading.xnb
01:23  INFO: Extracting files from UI/
01:23 TRACE: TexturePackButtons.xnb
01:23  INFO: Extracting files from UI/
01:23 TRACE: TexturePackButtonsOutline.xnb
01:23  INFO: Extracting files from UI/
01:23 TRACE: TitleLinkButtons.xnb
01:23  INFO: Extracting files from UI/
01:23 TRACE: UI_BossBar.xnb
01:23  INFO: Extracting files from UI/
01:23 TRACE: UI_quickicon1.xnb
01:23  INFO: Extracting files from UI/
01:23 TRACE: VK_Backspace.xnb
01:23  INFO: Extracting files from UI/
01:23 TRACE: VK_Shift.xnb
01:23  INFO: Extracting files from UI/
01:23 TRACE: Wires_0.xnb
01:23  INFO: Extracting files from UI/
01:23 TRACE: Wires_1.xnb
01:23  INFO: Extracting files from UI/
01:23 TRACE: Wires_10.xnb
01:23  INFO: Extracting files from UI/
01:23 TRACE: Wires_11.xnb
01:23  INFO: Extracting files from UI/
01:23 TRACE: Wires_2.xnb
01:23  INFO: Extracting files from UI/
01:23 TRACE: Wires_3.xnb
01:23  INFO: Extracting files from UI/
01:23 TRACE: Wires_4.xnb
01:23  INFO: Extracting files from UI/
01:23 TRACE: Wires_5.xnb
01:23  INFO: Extracting files from UI/
01:23 TRACE: Wires_6.xnb
01:23  INFO: Extracting files from UI/
01:23 TRACE: Wires_7.xnb
01:23  INFO: Extracting files from UI/
01:23 TRACE: Wires_8.xnb
01:23  INFO: Extracting files from UI/
01:23 TRACE: Wires_9.xnb
01:23  INFO: Extracting files from UI/
01:23 TRACE: Workshop
01:23  INFO: Extracting files from UI\Workshop/
01:23 TRACE: DefaultPreviewImage.xnb
01:23  INFO: Extracting files from UI\Workshop/
01:23 TRACE: HubPublishResourcepacks.xnb
01:23  INFO: Extracting files from UI\Workshop/
01:23 TRACE: HubPublishWorlds.xnb
01:23  INFO: Extracting files from UI\Workshop/
01:23 TRACE: HubResourcepacks.xnb
01:23  INFO: Extracting files from UI\Workshop/
01:23 TRACE: HubWorlds.xnb
01:23  INFO: Extracting files from UI\Workshop/
01:23 TRACE: InProgress.xnb
01:23  INFO: Extracting files from UI\Workshop/
01:23 TRACE: IssueButton.xnb
01:23  INFO: Extracting files from UI\Workshop/
01:23 TRACE: IssueButton_Outline.xnb
01:23  INFO: Extracting files from UI\Workshop/
01:23 TRACE: ListBackground.xnb
01:23  INFO: Extracting files from UI\Workshop/
01:23 TRACE: PublicityFriendsOnly.xnb
01:23  INFO: Extracting files from UI\Workshop/
01:23 TRACE: PublicityPrivate.xnb
01:23  INFO: Extracting files from UI\Workshop/
01:23 TRACE: PublicityPublic.xnb
01:23  INFO: Extracting files from UI\Workshop/
01:23 TRACE: Publish.xnb
01:23  INFO: Extracting files from UI\Workshop/
01:23 TRACE: Tags.xnb
01:23  INFO: Extracting files from UI/
01:23 TRACE: WorldCreation
01:23  INFO: Extracting files from UI\WorldCreation/
01:23 TRACE: IconDifficultyCreative.xnb
01:23  INFO: Extracting files from UI\WorldCreation/
01:23 TRACE: IconDifficultyExpert.xnb
01:23  INFO: Extracting files from UI\WorldCreation/
01:23 TRACE: IconDifficultyMaster.xnb
01:23  INFO: Extracting files from UI\WorldCreation/
01:23 TRACE: IconDifficultyNormal.xnb
01:23  INFO: Extracting files from UI\WorldCreation/
01:23 TRACE: IconEvilCorruption.xnb
01:23  INFO: Extracting files from UI\WorldCreation/
01:23 TRACE: IconEvilCrimson.xnb
01:23  INFO: Extracting files from UI\WorldCreation/
01:23 TRACE: IconEvilRandom.xnb
01:23  INFO: Extracting files from UI\WorldCreation/
01:23 TRACE: IconRandomName.xnb
01:23  INFO: Extracting files from UI\WorldCreation/
01:23 TRACE: IconRandomSeed.xnb
01:23  INFO: Extracting files from UI\WorldCreation/
01:23 TRACE: IconSizeLarge.xnb
01:23  INFO: Extracting files from UI\WorldCreation/
01:23 TRACE: IconSizeMedium.xnb
01:23  INFO: Extracting files from UI\WorldCreation/
01:23 TRACE: IconSizeSmall.xnb
01:23  INFO: Extracting files from UI\WorldCreation/
01:23 TRACE: PreviewBorder.xnb
01:23  INFO: Extracting files from UI\WorldCreation/
01:23 TRACE: PreviewDifficultyCreative2.xnb
01:23  INFO: Extracting files from UI\WorldCreation/
01:23 TRACE: PreviewDifficultyExpert1.xnb
01:23  INFO: Extracting files from UI\WorldCreation/
01:23 TRACE: PreviewDifficultyExpert2.xnb
01:23  INFO: Extracting files from UI\WorldCreation/
01:23 TRACE: PreviewDifficultyMaster1.xnb
01:23  INFO: Extracting files from UI\WorldCreation/
01:23 TRACE: PreviewDifficultyMaster2.xnb
01:23  INFO: Extracting files from UI\WorldCreation/
01:23 TRACE: PreviewDifficultyNormal1.xnb
01:23  INFO: Extracting files from UI\WorldCreation/
01:23 TRACE: PreviewDifficultyNormal2.xnb
01:23  INFO: Extracting files from UI\WorldCreation/
01:23 TRACE: PreviewEvilCorruption.xnb
01:23  INFO: Extracting files from UI\WorldCreation/
01:23 TRACE: PreviewEvilCrimson.xnb
01:23  INFO: Extracting files from UI\WorldCreation/
01:23 TRACE: PreviewEvilRandom.xnb
01:23  INFO: Extracting files from UI\WorldCreation/
01:23 TRACE: PreviewSizeLarge.xnb
01:23  INFO: Extracting files from UI\WorldCreation/
01:23 TRACE: PreviewSizeMedium.xnb
01:23  INFO: Extracting files from UI\WorldCreation/
01:23 TRACE: PreviewSizeSmall.xnb
01:23  INFO: Extracting files from UI\WorldCreation/
01:23 TRACE: Seed_Celebration.xnb
01:23  INFO: Extracting files from UI\WorldCreation/
01:23 TRACE: Seed_Drunk.xnb
01:23  INFO: Extracting files from UI\WorldCreation/
01:23 TRACE: Seed_Everything.xnb
01:23  INFO: Extracting files from UI\WorldCreation/
01:23 TRACE: Seed_ForTheWorthy.xnb
01:23  INFO: Extracting files from UI\WorldCreation/
01:23 TRACE: Seed_Normal.xnb
01:23  INFO: Extracting files from UI\WorldCreation/
01:23 TRACE: Seed_NoTraps.xnb
01:23  INFO: Extracting files from UI\WorldCreation/
01:23 TRACE: Seed_NotTheBees.xnb
01:23  INFO: Extracting files from UI\WorldCreation/
01:23 TRACE: Seed_Remix.xnb
01:23  INFO: Extracting files from UI\WorldCreation/
01:23 TRACE: Seed_Secret.xnb
01:23  INFO: Extracting files from UI\WorldCreation/
01:23 TRACE: Seed_Skyblock.xnb
01:23  INFO: Extracting files from UI\WorldCreation/
01:23 TRACE: Seed_TheConstant.xnb
01:23  INFO: Extracting files from UI/
01:23 TRACE: WorldGen
01:23  INFO: Extracting files from UI\WorldGen/
01:23 TRACE: Outer_Corrupt.xnb
01:23  INFO: Extracting files from UI\WorldGen/
01:23 TRACE: Outer_Crimson.xnb
01:23  INFO: Extracting files from UI\WorldGen/
01:23 TRACE: Outer_Dirt.xnb
01:23  INFO: Extracting files from UI\WorldGen/
01:23 TRACE: Outer_Lower.xnb
01:23  INFO: Extracting files from UI\WorldGen/
01:23 TRACE: Outer_Random.xnb
